<?xml version="1.0" encoding="UTF-8"?><testsuite errors="0" failures="0" name="uk.co.jemos.podam.test.unit.features.externalFactory.ExternalFactoryUnitTest" skipped="0" tests="7" time="0.2" timestamp="2016-08-234 11:45:01"><testcase classname="uk.co.jemos.podam.test.unit.features.externalFactory.ExternalFactoryUnitTest" name="Podam should not be able to create instances of an Abstract class even if the POJO has a full constructor"/><testcase classname="uk.co.jemos.podam.test.unit.features.externalFactory.ExternalFactoryUnitTest" name="Podam should not create instances of non-instantiable classes"/><testcase classname="uk.co.jemos.podam.test.unit.features.externalFactory.ExternalFactoryUnitTest" name="The management of external factories should be correct and chaining should work"/><testcase classname="uk.co.jemos.podam.test.unit.features.externalFactory.ExternalFactoryUnitTest" name="Podam should not be able to create instances of an Abstract class if the external factory does not provide a concrete implementation"/><testcase classname="uk.co.jemos.podam.test.unit.features.externalFactory.ExternalFactoryUnitTest" name="Podam cannot fill interface attributes if the external factory does not manufacture the right type"/><testcase classname="uk.co.jemos.podam.test.unit.features.externalFactory.ExternalFactoryUnitTest" name="Podam should not create instances of an interface when given an external factory which does not manufacture the concrete type"/><testcase classname="uk.co.jemos.podam.test.unit.features.externalFactory.ExternalFactoryUnitTest" name="Podam should fill POJOs and interface attributes if a full constructor sets the interface attribute value"/></testsuite>