<?xml version="1.0" encoding="UTF-8"?><testsuite errors="0" failures="0" name="uk.co.jemos.podam.test.unit.features.extensions.ExtensionsTest" skipped="0" tests="2" time="0.03" timestamp="2016-10-283 06:32:54"><testcase classname="uk.co.jemos.podam.test.unit.features.extensions.ExtensionsTest" name="Podam should create POJOs in accordance with custom data provider strategies"/><testcase classname="uk.co.jemos.podam.test.unit.features.extensions.ExtensionsTest" name="Podam should fill AttributeMetadata with the attribute name"/></testsuite>