<?xml version="1.0" encoding="UTF-8"?><testsuite errors="0" failures="0" name="uk.co.jemos.podam.test.unit.features.classInfo.ClassInfoTest" skipped="0" tests="4" time="0.05" timestamp="2015-06-172 09:03:05"><testcase classname="uk.co.jemos.podam.test.unit.features.classInfo.ClassInfoTest" name="Podam should return valid class info for POJOs with no attributes"/><testcase classname="uk.co.jemos.podam.test.unit.features.classInfo.ClassInfoTest" name="The ClassInfo object created for a class should handle @PodamExcludeAnnotations"/><testcase classname="uk.co.jemos.podam.test.unit.features.classInfo.ClassInfoTest" name="In Presence of excluded attributes, the Class Info object should not contain those attributes"/><testcase classname="uk.co.jemos.podam.test.unit.features.classInfo.ClassInfoTest" name="Podam should generate a ClassInfo which contains information for the setters contained in the POJO"/></testsuite>