<?xml version="1.0" encoding="UTF-8"?><testsuite errors="0" failures="0" name="uk.co.jemos.podam.test.unit.features.validatorFramework.ValidatedPojoTest" skipped="0" tests="6" time="1.0" timestamp="2023-07-210 05:16:42"><testcase classname="uk.co.jemos.podam.test.unit.features.validatorFramework.ValidatedPojoTest" name="When the @Digits and @DecimalMin and @DecimalMax applied to the same field, Podam should use minimum requirements"/><testcase classname="uk.co.jemos.podam.test.unit.features.validatorFramework.ValidatedPojoTest" name="Podam should allow validation annotations customization"/><testcase classname="uk.co.jemos.podam.test.unit.features.validatorFramework.ValidatedPojoTest" name="When the @Size annotation doesn't have a max length specified, Podam should assign a sensible value"/><testcase classname="uk.co.jemos.podam.test.unit.features.validatorFramework.ValidatedPojoTest" name="Podam should be able to fulfill most of the javax Validation framework"/><testcase classname="uk.co.jemos.podam.test.unit.features.validatorFramework.ValidatedPojoTest" name="When the AnnotationStrategy and the TypeManufacturer are specified, the former has precedence"/><testcase classname="uk.co.jemos.podam.test.unit.features.validatorFramework.ValidatedPojoTest" name="Podam should be able to fulfill most of the javax Validation 2.0 framework"/></testsuite>