<?xml version="1.0" encoding="UTF-8"?><testsuite errors="0" failures="0" name="uk.co.jemos.podam.test.unit.features.collections.CollectionsTest" skipped="0" tests="9" time="0.09" timestamp="2016-09-247 05:53:02"><testcase classname="uk.co.jemos.podam.test.unit.features.collections.CollectionsTest" name="Podam should be able to fill in POJOs with raw type collection attributes and default values to Object"/><testcase classname="uk.co.jemos.podam.test.unit.features.collections.CollectionsTest" name="Podam should be able to create instances of Sorted Maps"/><testcase classname="uk.co.jemos.podam.test.unit.features.collections.CollectionsTest" name="Podam should handle standard collections"/><testcase classname="uk.co.jemos.podam.test.unit.features.collections.CollectionsTest" name="Podam should handle POJOs with no setters and collections in the constructor"/><testcase classname="uk.co.jemos.podam.test.unit.features.collections.CollectionsTest" name="Podam should handle immutable POJOs with generified collections in the constructor"/><testcase classname="uk.co.jemos.podam.test.unit.features.collections.CollectionsTest" name="Podam should be able to create instances of Concurrent Hash Maps"/><testcase classname="uk.co.jemos.podam.test.unit.features.collections.CollectionsTest" name="Podam should handle immutable Pojos with non generic collections"/><testcase classname="uk.co.jemos.podam.test.unit.features.collections.CollectionsTest" name="Podam should be able to create instances of Hash Maps"/><testcase classname="uk.co.jemos.podam.test.unit.features.collections.CollectionsTest" name="Podam should fill in POJOs with attributes containing wildcards"/></testsuite>