<?xml version="1.0" encoding="UTF-8"?><testsuite errors="0" failures="0" name="uk.co.jemos.podam.test.unit.features.constructors.ConstructorsUnitTest" skipped="0" tests="12" time="0.24" timestamp="2015-06-165 08:05:35"><testcase classname="uk.co.jemos.podam.test.unit.features.constructors.ConstructorsUnitTest" name="Podam should be able to manufacture instances of the Observable class"/><testcase classname="uk.co.jemos.podam.test.unit.features.constructors.ConstructorsUnitTest" name="Podam should be able to instantiate POJOs with immutable Collections"/><testcase classname="uk.co.jemos.podam.test.unit.features.constructors.ConstructorsUnitTest" name="Podam should be able to manufacture any type of Lists"/><testcase classname="uk.co.jemos.podam.test.unit.features.constructors.ConstructorsUnitTest" name="Podam should be able to manufacture POJOs which contain immutable collections"/><testcase classname="uk.co.jemos.podam.test.unit.features.constructors.ConstructorsUnitTest" name="Podam should handle generics in the constructor"/><testcase classname="uk.co.jemos.podam.test.unit.features.constructors.ConstructorsUnitTest" name="Podam should handle classes with generic Key/Value types"/><testcase classname="uk.co.jemos.podam.test.unit.features.constructors.ConstructorsUnitTest" name="Podam should handle generics in setters during Pojo instantiation"/><testcase classname="uk.co.jemos.podam.test.unit.features.constructors.ConstructorsUnitTest" name="Podam should be able to manufacture any type of Maps"/><testcase classname="uk.co.jemos.podam.test.unit.features.constructors.ConstructorsUnitTest" name="Podam should handle constructors with generic arrays during Pojo instantiation"/><testcase classname="uk.co.jemos.podam.test.unit.features.constructors.ConstructorsUnitTest" name="Podam should be able to instantiate POJOs with immutable Maps"/><testcase classname="uk.co.jemos.podam.test.unit.features.constructors.ConstructorsUnitTest" name="Podam should handle constructors with multiple generics during Pojo instantiation"/><testcase classname="uk.co.jemos.podam.test.unit.features.constructors.ConstructorsUnitTest" name="Podam should handle generics in static constructors during POJO instantiation"/></testsuite>