<?xml version="1.0" encoding="UTF-8"?><testsuite errors="0" failures="0" name="uk.co.jemos.podam.test.unit.features.inheritance.InheritanceTest" skipped="0" tests="4" time="0.02" timestamp="2016-09-247 05:53:02"><testcase classname="uk.co.jemos.podam.test.unit.features.inheritance.InheritanceTest" name="Podam should manufacture attributes implementing Collection and Map interfaces"/><testcase classname="uk.co.jemos.podam.test.unit.features.inheritance.InheritanceTest" name="Podam should handle basic inheritance scenarios"/><testcase classname="uk.co.jemos.podam.test.unit.features.inheritance.InheritanceTest" name="Podam should manufacture all POJOs in a tree hierarchy"/><testcase classname="uk.co.jemos.podam.test.unit.features.inheritance.InheritanceTest" name="Podam should handle the manufacturing of POJOs which inherit from other classes"/></testsuite>