<?xml version="1.0" encoding="UTF-8"?><testsuite errors="0" failures="0" name="uk.co.jemos.podam.test.unit.features.collections.CollectionsTest" skipped="0" tests="2" time="0.15" timestamp="2015-05-151 09:30:02"><testcase classname="uk.co.jemos.podam.test.unit.features.collections.CollectionsTest" name="Podam should handle standard collections"/><testcase classname="uk.co.jemos.podam.test.unit.features.collections.CollectionsTest" name="Podam should handle POJOs with no setters and collections in the constructor"/></testsuite>