<?xml version="1.0" encoding="UTF-8"?><testsuite errors="0" failures="0" name="uk.co.jemos.podam.test.unit.features.basicTypes.ClassUnitTest" skipped="0" tests="3" time="0.36" timestamp="2023-07-210 05:16:25"><testcase classname="uk.co.jemos.podam.test.unit.features.basicTypes.ClassUnitTest" name="Podam should handle the manufacturing of POJOs with generic types in constructor"/><testcase classname="uk.co.jemos.podam.test.unit.features.basicTypes.ClassUnitTest" name="Podam should handle the manufacturing of basic types"/><testcase classname="uk.co.jemos.podam.test.unit.features.basicTypes.ClassUnitTest" name="Podam should handle the manufacturing of generic POJOs"/></testsuite>