<?xml version="1.0" encoding="UTF-8"?><testsuite errors="0" failures="0" name="uk.co.jemos.podam.test.unit.features.typeManufacturing.TypeManufacturingTest" skipped="0" tests="19" time="0.52" timestamp="2016-08-234 11:45:02"><testcase classname="uk.co.jemos.podam.test.unit.features.typeManufacturing.TypeManufacturingTest" name="Podam Messaging System should return a Float wrapped value"/><testcase classname="uk.co.jemos.podam.test.unit.features.typeManufacturing.TypeManufacturingTest" name="Podam Messaging System should return a short primitive value"/><testcase classname="uk.co.jemos.podam.test.unit.features.typeManufacturing.TypeManufacturingTest" name="Podam Messaging System should return an Enum value"/><testcase classname="uk.co.jemos.podam.test.unit.features.typeManufacturing.TypeManufacturingTest" name="Podam Messaging System should return a Long wrapped value"/><testcase classname="uk.co.jemos.podam.test.unit.features.typeManufacturing.TypeManufacturingTest" name="Podam Messaging System should return a long primitive value"/><testcase classname="uk.co.jemos.podam.test.unit.features.typeManufacturing.TypeManufacturingTest" name="Podam Messaging System should return an integer value"/><testcase classname="uk.co.jemos.podam.test.unit.features.typeManufacturing.TypeManufacturingTest" name="Podam Messaging System should return a byte primitive value"/><testcase classname="uk.co.jemos.podam.test.unit.features.typeManufacturing.TypeManufacturingTest" name="Podam Messaging System should return a boolean wrapped value"/><testcase classname="uk.co.jemos.podam.test.unit.features.typeManufacturing.TypeManufacturingTest" name="Podam Messaging System should return a char primitive value"/><testcase classname="uk.co.jemos.podam.test.unit.features.typeManufacturing.TypeManufacturingTest" name="Podam Messaging System should return a Byte wrapped value"/><testcase classname="uk.co.jemos.podam.test.unit.features.typeManufacturing.TypeManufacturingTest" name="Podam Messaging System should return a String value"/><testcase classname="uk.co.jemos.podam.test.unit.features.typeManufacturing.TypeManufacturingTest" name="Podam Messaging System should return an int primitive value"/><testcase classname="uk.co.jemos.podam.test.unit.features.typeManufacturing.TypeManufacturingTest" name="Podam Messaging System should return a Short wrapped value"/><testcase classname="uk.co.jemos.podam.test.unit.features.typeManufacturing.TypeManufacturingTest" name="Podam Messaging System should return a Generic Type value"/><testcase classname="uk.co.jemos.podam.test.unit.features.typeManufacturing.TypeManufacturingTest" name="Podam Messaging System should return a float primitive value"/><testcase classname="uk.co.jemos.podam.test.unit.features.typeManufacturing.TypeManufacturingTest" name="Podam Messaging System should return a Character wrapped value"/><testcase classname="uk.co.jemos.podam.test.unit.features.typeManufacturing.TypeManufacturingTest" name="Podam Messaging System should return a double primitive value"/><testcase classname="uk.co.jemos.podam.test.unit.features.typeManufacturing.TypeManufacturingTest" name="Podam Messaging System should return a boolean primitive value"/><testcase classname="uk.co.jemos.podam.test.unit.features.typeManufacturing.TypeManufacturingTest" name="Podam Messaging System should return a Double wrapped value"/></testsuite>