<?xml version="1.0" encoding="UTF-8"?><testsuite errors="0" failures="0" name="uk.co.jemos.podam.test.unit.features.basicTypes.PodamFactoryBasicTypesTest" skipped="0" tests="15" time="0.09" timestamp="2016-09-247 05:53:01"><testcase classname="uk.co.jemos.podam.test.unit.features.basicTypes.PodamFactoryBasicTypesTest" name="Podam should handle immutable non annotated POJOs"/><testcase classname="uk.co.jemos.podam.test.unit.features.basicTypes.PodamFactoryBasicTypesTest" name="Podam should fill Java native types"/><testcase classname="uk.co.jemos.podam.test.unit.features.basicTypes.PodamFactoryBasicTypesTest" name="Podam should fill in POJOs with Enums"/><testcase classname="uk.co.jemos.podam.test.unit.features.basicTypes.PodamFactoryBasicTypesTest" name="Podam should fill in Maps of the containing class type"/><testcase classname="uk.co.jemos.podam.test.unit.features.basicTypes.PodamFactoryBasicTypesTest" name="Invoking Podam on an interface should return an empty POJO"/><testcase classname="uk.co.jemos.podam.test.unit.features.basicTypes.PodamFactoryBasicTypesTest" name="Podam should fill in a POJO with basic jvm types"/><testcase classname="uk.co.jemos.podam.test.unit.features.basicTypes.PodamFactoryBasicTypesTest" name="Invoking Podam on an Abstract class should return a null pojo"/><testcase classname="uk.co.jemos.podam.test.unit.features.basicTypes.PodamFactoryBasicTypesTest" name="Podam should fill recursive POJOs when invoking the factory population directly"/><testcase classname="uk.co.jemos.podam.test.unit.features.basicTypes.PodamFactoryBasicTypesTest" name="Podam should fill arrays with elements"/><testcase classname="uk.co.jemos.podam.test.unit.features.basicTypes.PodamFactoryBasicTypesTest" name="Podam should fill recursive POJOs correctly, including all their fields"/><testcase classname="uk.co.jemos.podam.test.unit.features.basicTypes.PodamFactoryBasicTypesTest" name="Podam should fill POJOs with non default constructors"/><testcase classname="uk.co.jemos.podam.test.unit.features.basicTypes.PodamFactoryBasicTypesTest" name="Podam should fill in lists of the containing class type"/><testcase classname="uk.co.jemos.podam.test.unit.features.basicTypes.PodamFactoryBasicTypesTest" name="Podam should fill in POJOs which have a circular dependency"/><testcase classname="uk.co.jemos.podam.test.unit.features.basicTypes.PodamFactoryBasicTypesTest" name="Podam should fill Java string type"/><testcase classname="uk.co.jemos.podam.test.unit.features.basicTypes.PodamFactoryBasicTypesTest" name="Podam should fill Java string type with full constructor"/></testsuite>