<?xml version="1.0" encoding="UTF-8"?><testsuite errors="0" failures="0" name="uk.co.jemos.podam.test.unit.features.validatorFramework.ValidatedPojoTest" skipped="0" tests="2" time="0.28" timestamp="2015-07-189 11:32:18"><testcase classname="uk.co.jemos.podam.test.unit.features.validatorFramework.ValidatedPojoTest" name="When the @Size annotation doesn't have a max length specified, Podam should assign a sensible value"/><testcase classname="uk.co.jemos.podam.test.unit.features.validatorFramework.ValidatedPojoTest" name="Podam should be able to fulfill most of the javax Validation framework"/></testsuite>