<?xml version="1.0" encoding="UTF-8"?><testsuite errors="0" failures="0" name="uk.co.jemos.podam.test.unit.features.constructors.ReadOnlyComplexTypesTest" skipped="0" tests="4" time="0.02" timestamp="2016-09-247 05:53:02"><testcase classname="uk.co.jemos.podam.test.unit.features.constructors.ReadOnlyComplexTypesTest" name="Podam should create an instance of an Abstract class with a factory method which returns a concrete type even if the concrete type has got read-only attributes. These will be empty."/><testcase classname="uk.co.jemos.podam.test.unit.features.constructors.ReadOnlyComplexTypesTest" name="Podam should fill in complex (e.g. with more than two generic types), read-only POJOs"/><testcase classname="uk.co.jemos.podam.test.unit.features.constructors.ReadOnlyComplexTypesTest" name="Podam should fill in POJOs which contain internal loops (e.g. objects that reference parents)"/><testcase classname="uk.co.jemos.podam.test.unit.features.constructors.ReadOnlyComplexTypesTest" name="Podam should fill in read-only POJOs"/></testsuite>