<?xml version="1.0" encoding="UTF-8"?><testsuite errors="0" failures="0" name="uk.co.jemos.podam.test.unit.features.edgeCases.AbnormalPojosTest" skipped="0" tests="12" time="1.41" timestamp="2023-07-210 05:16:35"><testcase classname="uk.co.jemos.podam.test.unit.features.edgeCases.AbnormalPojosTest" name="Podam should fill values invoking children setters accepting a type different from the parent type"/><testcase classname="uk.co.jemos.podam.test.unit.features.edgeCases.AbnormalPojosTest" name="Invoking Podam on a POJO with a private, no arguments constructor, should return a non null POJO"/><testcase classname="uk.co.jemos.podam.test.unit.features.edgeCases.AbnormalPojosTest" name="Invoking Podam on a POJO with a circular constructor (e.g. java.net.URL) leads to a null POJO"/><testcase classname="uk.co.jemos.podam.test.unit.features.edgeCases.AbnormalPojosTest" name="Podam should fill POJOs with public, non default constructors"/><testcase classname="uk.co.jemos.podam.test.unit.features.edgeCases.AbnormalPojosTest" name="Podam should fill embedded abstract classes if a concrete type has been specified"/><testcase classname="uk.co.jemos.podam.test.unit.features.edgeCases.AbnormalPojosTest" name="Podam should fill POJOs with protected, non default constructors"/><testcase classname="uk.co.jemos.podam.test.unit.features.edgeCases.AbnormalPojosTest" name="Podam should return a null value for non instantiable POJOs"/><testcase classname="uk.co.jemos.podam.test.unit.features.edgeCases.AbnormalPojosTest" name="Podam should generate a non null POJO for Abstract types with a concrete type"/><testcase classname="uk.co.jemos.podam.test.unit.features.edgeCases.AbnormalPojosTest" name="Podam should handle POJOs with self reference constructors but not default constructors without the need for the @PodamConstructor annotation"/><testcase classname="uk.co.jemos.podam.test.unit.features.edgeCases.AbnormalPojosTest" name="Podam should throw an exception if a POJO contains invalid getters or setters"/><testcase classname="uk.co.jemos.podam.test.unit.features.edgeCases.AbnormalPojosTest" name="Podam should handle POJOs with private constructors only"/><testcase classname="uk.co.jemos.podam.test.unit.features.edgeCases.AbnormalPojosTest" name="Invoking Podam on a POJO with both circular and non circular constructors (e.g. javax.activation.DataHandler) should lead to a non empty POJO"/></testsuite>