<?xml version="1.0" encoding="UTF-8"?><testsuite errors="0" failures="0" name="uk.co.jemos.podam.test.unit.features.extensions.ExtensionsTest" skipped="0" tests="2" time="0.13" timestamp="2015-09-270 02:32:26"><testcase classname="uk.co.jemos.podam.test.unit.features.extensions.ExtensionsTest" name="Podam should create POJOs in accordance with custom data provider strategies"/><testcase classname="uk.co.jemos.podam.test.unit.features.extensions.ExtensionsTest" name="Podam should fill AttributeMetadata with the attribute name"/></testsuite>