<?xml version="1.0" encoding="UTF-8"?><testsuite errors="0" failures="0" name="uk.co.jemos.podam.test.unit.features.annotations.AnnotationsTest" skipped="0" tests="14" time="1.82" timestamp="2015-09-270 02:32:14"><testcase classname="uk.co.jemos.podam.test.unit.features.annotations.AnnotationsTest" name="Podam should not fill POJO's attributes annotated with @PodamExclude"/><testcase classname="uk.co.jemos.podam.test.unit.features.annotations.AnnotationsTest" name="Podam should handle both native and wrapped integer values with @PodamIntValue annotation"/><testcase classname="uk.co.jemos.podam.test.unit.features.annotations.AnnotationsTest" name="Podam should handle both native and wrapped boolean values with @PodamBooleanValue annotation"/><testcase classname="uk.co.jemos.podam.test.unit.features.annotations.AnnotationsTest" name="Podam should handle both native and wrapped byte values with @PodamByteValue annotation"/><testcase classname="uk.co.jemos.podam.test.unit.features.annotations.AnnotationsTest" name="Podam should handle both native and wrapped char values with @PodamCharValue annotation"/><testcase classname="uk.co.jemos.podam.test.unit.features.annotations.AnnotationsTest" name="Podam should handle both native and wrapped double values with @PodamDoubleValue annotation"/><testcase classname="uk.co.jemos.podam.test.unit.features.annotations.AnnotationsTest" name="Podam should assign exactly the values specified with the @PodamStrategyValue annotation"/><testcase classname="uk.co.jemos.podam.test.unit.features.annotations.AnnotationsTest" name="Podam should handle immutable POJOs annotated with @PodamConstructor"/><testcase classname="uk.co.jemos.podam.test.unit.features.annotations.AnnotationsTest" name="Podam should handle both native and wrapped float values with @PodamFloatValue annotation"/><testcase classname="uk.co.jemos.podam.test.unit.features.annotations.AnnotationsTest" name="Podam should handle POJOs with constructors that have one or more self references to the POJO class, provided the required constructor is annotated with @PodamConstructor"/><testcase classname="uk.co.jemos.podam.test.unit.features.annotations.AnnotationsTest" name="Podam should handle both native and wrapped long values with @PodamLongValue annotation"/><testcase classname="uk.co.jemos.podam.test.unit.features.annotations.AnnotationsTest" name="Podam should handle both native and wrapped short values with @PodamShortValue annotation"/><testcase classname="uk.co.jemos.podam.test.unit.features.annotations.AnnotationsTest" name="The @PodamCollection annotation should allow to set sizes on all collections and arrays"/><testcase classname="uk.co.jemos.podam.test.unit.features.annotations.AnnotationsTest" name="Podam should assign precise values and lengths when a String is annotated with @PodamStringValue"/></testsuite>