<?xml version="1.0" encoding="UTF-8"?><testsuite errors="0" failures="0" name="uk.co.jemos.podam.test.unit.features.walkThroughExample.WalkThroughExampleUnitTest" skipped="0" tests="7" time="0.27" timestamp="2015-06-172 09:03:10"><testcase classname="uk.co.jemos.podam.test.unit.features.walkThroughExample.WalkThroughExampleUnitTest" name="Podam should fill in the Country POJO correctly"/><testcase classname="uk.co.jemos.podam.test.unit.features.walkThroughExample.WalkThroughExampleUnitTest" name="Podam should fill the Client POJO correctly"/><testcase classname="uk.co.jemos.podam.test.unit.features.walkThroughExample.WalkThroughExampleUnitTest" name="Podam should fill in the Order POJO correctly"/><testcase classname="uk.co.jemos.podam.test.unit.features.walkThroughExample.WalkThroughExampleUnitTest" name="Podam should fill the Article POJO correctly"/><testcase classname="uk.co.jemos.podam.test.unit.features.walkThroughExample.WalkThroughExampleUnitTest" name="Podam should fill in the Bank Account POJO correctly"/><testcase classname="uk.co.jemos.podam.test.unit.features.walkThroughExample.WalkThroughExampleUnitTest" name="Podam should fill in the Address POJO correctly"/><testcase classname="uk.co.jemos.podam.test.unit.features.walkThroughExample.WalkThroughExampleUnitTest" name="Podam should fill the OrderItem POJO correctly"/></testsuite>