<?xml version="1.0" encoding="UTF-8"?><testsuite errors="0" failures="0" name="uk.co.jemos.podam.test.unit.features.edgeCases.AbnormalPojosTest" skipped="0" tests="6" time="0.17" timestamp="2015-05-151 05:22:05"><testcase classname="uk.co.jemos.podam.test.unit.features.edgeCases.AbnormalPojosTest" name="Invoking Podam on a POJO with a private, no arguments constructor, should return a non null POJO"/><testcase classname="uk.co.jemos.podam.test.unit.features.edgeCases.AbnormalPojosTest" name="Invoking Podam on a POJO with a circular constructor (e.g. java.net.URL) leads to a null POJO"/><testcase classname="uk.co.jemos.podam.test.unit.features.edgeCases.AbnormalPojosTest" name="Podam should fill embedded abstract classes if a concrete type has been specified"/><testcase classname="uk.co.jemos.podam.test.unit.features.edgeCases.AbnormalPojosTest" name="Podam should generate a non null POJO for Abstract types with a concrete type"/><testcase classname="uk.co.jemos.podam.test.unit.features.edgeCases.AbnormalPojosTest" name="Podam should handle POJOs with self reference constructors but not default constructors without the need for the @PodamConstructor annotation"/><testcase classname="uk.co.jemos.podam.test.unit.features.edgeCases.AbnormalPojosTest" name="Invoking Podam on a POJO with both circular and non circular constructors (e.g. javax.activation.DataHandler) should lead to a non empty POJO"/></testsuite>