<?xml version="1.0" encoding="UTF-8"?><testsuite errors="0" failures="0" name="uk.co.jemos.podam.test.unit.features.dataProviderStrategy.RandomDataProviderStrategyImplInitialisationUnitTest" skipped="0" tests="7" time="0.07" timestamp="2016-08-234 11:45:00"><testcase classname="uk.co.jemos.podam.test.unit.features.dataProviderStrategy.RandomDataProviderStrategyImplInitialisationUnitTest" name="The Random Data Provider Strategy should be initialised correctly and allow for changes in the number of collection elements"/><testcase classname="uk.co.jemos.podam.test.unit.features.dataProviderStrategy.RandomDataProviderStrategyImplInitialisationUnitTest" name="Creating a Random Data Provider Strategy should create a constructor heavy comparator"/><testcase classname="uk.co.jemos.podam.test.unit.features.dataProviderStrategy.RandomDataProviderStrategyImplInitialisationUnitTest" name="Creating a Random Data Provider Strategy should create a Method heavy comparator"/><testcase classname="uk.co.jemos.podam.test.unit.features.dataProviderStrategy.RandomDataProviderStrategyImplInitialisationUnitTest" name="Creating a Random Data Provider Strategy should create a constructor light comparator"/><testcase classname="uk.co.jemos.podam.test.unit.features.dataProviderStrategy.RandomDataProviderStrategyImplInitialisationUnitTest" name="Creating a Random Data Provider Strategy should create a Method light comparator"/><testcase classname="uk.co.jemos.podam.test.unit.features.dataProviderStrategy.RandomDataProviderStrategyImplInitialisationUnitTest" name="Podam should correctly generate HashMaps with Long as key type"/><testcase classname="uk.co.jemos.podam.test.unit.features.dataProviderStrategy.RandomDataProviderStrategyImplInitialisationUnitTest" name="Podam should create POJOs in accordance with custom data provider strategies"/></testsuite>