<?xml version="1.0" encoding="UTF-8"?><testsuite errors="0" failures="0" name="uk.co.jemos.podam.test.unit.features.collections.CollectionsTest" skipped="0" tests="4" time="0.23" timestamp="2015-06-171 09:17:17"><testcase classname="uk.co.jemos.podam.test.unit.features.collections.CollectionsTest" name="Podam should handle standard collections"/><testcase classname="uk.co.jemos.podam.test.unit.features.collections.CollectionsTest" name="Podam should handle POJOs with no setters and collections in the constructor"/><testcase classname="uk.co.jemos.podam.test.unit.features.collections.CollectionsTest" name="Podam should handle immutable POJOs with generified collections in the constructor"/><testcase classname="uk.co.jemos.podam.test.unit.features.collections.CollectionsTest" name="Podam should handle immutable Pojos with non generic collections"/></testsuite>