<?xml version="1.0" encoding="UTF-8"?><testsuite errors="0" failures="0" name="uk.co.jemos.podam.test.unit.basicTypes.PodamFactoryBasicTypesTest" skipped="0" tests="5" time="0.41" timestamp="2015-05-150 06:37:48"><testcase classname="uk.co.jemos.podam.test.unit.basicTypes.PodamFactoryBasicTypesTest" name="Podam should fill embedded abstract classes if a concrete type has been specified"/><testcase classname="uk.co.jemos.podam.test.unit.basicTypes.PodamFactoryBasicTypesTest" name="Podam should fill in a POJO with basic jvm types"/><testcase classname="uk.co.jemos.podam.test.unit.basicTypes.PodamFactoryBasicTypesTest" name="Invoking Podam on an Abstract class should return a null pojo"/><testcase classname="uk.co.jemos.podam.test.unit.basicTypes.PodamFactoryBasicTypesTest" name="Podam should fill POJOs with non default constructors"/><testcase classname="uk.co.jemos.podam.test.unit.basicTypes.PodamFactoryBasicTypesTest" name="Podam should generate a non null POJO for Abstract types with a concrete type"/></testsuite>