<?xml version="1.0" encoding="UTF-8"?><testsuite errors="6" failures="0" name="uk.co.jemos.podam.test.unit.features.annotations.AnnotationsTest" skipped="0" tests="21" time="1.26" timestamp="2015-06-158 08:50:56"><testcase classname="uk.co.jemos.podam.test.unit.features.annotations.AnnotationsTest" name="Podam should not fill POJO's attributes annotated with @PodamExclude"/><testcase classname="uk.co.jemos.podam.test.unit.features.annotations.AnnotationsTest" name="Podam should handle both native and wrapped integer values with @PodamIntValue annotation"/><testcase classname="uk.co.jemos.podam.test.unit.features.annotations.AnnotationsTest" name="Podam should handle both native and wrapped boolean values with @PodamBooleanValue annotation"/><testcase classname="uk.co.jemos.podam.test.unit.features.annotations.AnnotationsTest" name="Podam should handle both native and wrapped byte values with @PodamByteValue annotation"/><testcase classname="uk.co.jemos.podam.test.unit.features.annotations.AnnotationsTest" name="Podam should handle both native and wrapped char values with @PodamCharValue annotation"/><testcase classname="uk.co.jemos.podam.test.unit.features.annotations.AnnotationsTest" name="Podam should handle both native and wrapped double values with @PodamDoubleValue annotation"/><testcase classname="uk.co.jemos.podam.test.unit.features.annotations.AnnotationsTest" name="Podam should throw an exception if the @PodamIntegerValue annotation contains invalid characters"><error message="The annotation value: hfajkfhalfh could not be converted to an Integer. An exception will be thrown." type="java.lang.IllegalArgumentException">The annotation value: hfajkfhalfh could not be converted to an Integer. An exception will be thrown.</error><system-err>The annotation value: hfajkfhalfh could not be converted to an Integer. An exception will be thrown.
uk.co.jemos.podam.api.PodamFactoryImpl.getIntegerValueWithinRange(PodamFactoryImpl.java:751)
uk.co.jemos.podam.api.PodamFactoryImpl.resolveBoxedValue(PodamFactoryImpl.java:999)
uk.co.jemos.podam.api.PodamFactoryImpl.manufactureAttributeValue(PodamFactoryImpl.java:1557)
uk.co.jemos.podam.api.PodamFactoryImpl.populatePojoInternal(PodamFactoryImpl.java:1395)
uk.co.jemos.podam.api.PodamFactoryImpl.manufacturePojoInternal(PodamFactoryImpl.java:1244)
uk.co.jemos.podam.api.PodamFactoryImpl.manufacturePojo(PodamFactoryImpl.java:175)
uk.co.jemos.podam.test.unit.steps.PodamInvocationSteps.whenIInvokeTheFactoryForClass(PodamInvocationSteps.java:13)
uk.co.jemos.podam.test.unit.features.annotations.AnnotationsTest.podamShouldThrowExceptionWhenPodamIntegerValueContainsInvalidCharacters(AnnotationsTest.java:509)
</system-err></testcase><testcase classname="uk.co.jemos.podam.test.unit.features.annotations.AnnotationsTest" name="Podam should assign exactly the values specified with the @PodamStrategyValue annotation"/><testcase classname="uk.co.jemos.podam.test.unit.features.annotations.AnnotationsTest" name="Podam should throw an exception if the @PodamByteValue annotation contains invalid characters"><error message="The precise value: afasdfafa cannot be converted to a byte type. An exception will be thrown." type="java.lang.IllegalArgumentException">The precise value: afasdfafa cannot be converted to a byte type. An exception will be thrown.</error><system-err>The precise value: afasdfafa cannot be converted to a byte type. An exception will be thrown.
uk.co.jemos.podam.api.PodamFactoryImpl.getByteValueWithinRange(PodamFactoryImpl.java:570)
uk.co.jemos.podam.api.PodamFactoryImpl.resolveBoxedValue(PodamFactoryImpl.java:1019)
uk.co.jemos.podam.api.PodamFactoryImpl.manufactureAttributeValue(PodamFactoryImpl.java:1557)
uk.co.jemos.podam.api.PodamFactoryImpl.populatePojoInternal(PodamFactoryImpl.java:1395)
uk.co.jemos.podam.api.PodamFactoryImpl.manufacturePojoInternal(PodamFactoryImpl.java:1244)
uk.co.jemos.podam.api.PodamFactoryImpl.manufacturePojo(PodamFactoryImpl.java:175)
uk.co.jemos.podam.test.unit.steps.PodamInvocationSteps.whenIInvokeTheFactoryForClass(PodamInvocationSteps.java:13)
uk.co.jemos.podam.test.unit.features.annotations.AnnotationsTest.podamShouldThrowExceptionWhenPodamByteValueContainsInvalidCharacters(AnnotationsTest.java:524)
</system-err></testcase><testcase classname="uk.co.jemos.podam.test.unit.features.annotations.AnnotationsTest" name="Podam should handle immutable POJOs annotated with @PodamConstructor"/><testcase classname="uk.co.jemos.podam.test.unit.features.annotations.AnnotationsTest" name="Podam should throw an exception if the @PodamDoubleValue annotation contains invalid characters"><error message="The annotation value: fajhfakh could not be converted to a Double. An exception will be thrown." type="java.lang.IllegalArgumentException">The annotation value: fajhfakh could not be converted to a Double. An exception will be thrown.</error><system-err>The annotation value: fajhfakh could not be converted to a Double. An exception will be thrown.
uk.co.jemos.podam.api.PodamFactoryImpl.getDoubleValueWithinRange(PodamFactoryImpl.java:882)
uk.co.jemos.podam.api.PodamFactoryImpl.resolveBoxedValue(PodamFactoryImpl.java:1011)
uk.co.jemos.podam.api.PodamFactoryImpl.manufactureAttributeValue(PodamFactoryImpl.java:1557)
uk.co.jemos.podam.api.PodamFactoryImpl.populatePojoInternal(PodamFactoryImpl.java:1395)
uk.co.jemos.podam.api.PodamFactoryImpl.manufacturePojoInternal(PodamFactoryImpl.java:1244)
uk.co.jemos.podam.api.PodamFactoryImpl.manufacturePojo(PodamFactoryImpl.java:175)
uk.co.jemos.podam.test.unit.steps.PodamInvocationSteps.whenIInvokeTheFactoryForClass(PodamInvocationSteps.java:13)
uk.co.jemos.podam.test.unit.features.annotations.AnnotationsTest.podamShouldThrowExceptionWhenPodamDoubleValueContainsInvalidCharacters(AnnotationsTest.java:548)
</system-err></testcase><testcase classname="uk.co.jemos.podam.test.unit.features.annotations.AnnotationsTest" name="Podam should throw an exception if the @PodamFloatValue annotation contains invalid characters"><error message="The annotation value: fafhakljhf could not be converted to a Float. An exception will be thrown." type="java.lang.IllegalArgumentException">The annotation value: fafhakljhf could not be converted to a Float. An exception will be thrown.</error><system-err>The annotation value: fafhakljhf could not be converted to a Float. An exception will be thrown.
uk.co.jemos.podam.api.PodamFactoryImpl.getFloatValueWithinRange(PodamFactoryImpl.java:821)
uk.co.jemos.podam.api.PodamFactoryImpl.resolveBoxedValue(PodamFactoryImpl.java:1007)
uk.co.jemos.podam.api.PodamFactoryImpl.manufactureAttributeValue(PodamFactoryImpl.java:1557)
uk.co.jemos.podam.api.PodamFactoryImpl.populatePojoInternal(PodamFactoryImpl.java:1395)
uk.co.jemos.podam.api.PodamFactoryImpl.manufacturePojoInternal(PodamFactoryImpl.java:1244)
uk.co.jemos.podam.api.PodamFactoryImpl.manufacturePojo(PodamFactoryImpl.java:175)
uk.co.jemos.podam.test.unit.steps.PodamInvocationSteps.whenIInvokeTheFactoryForClass(PodamInvocationSteps.java:13)
uk.co.jemos.podam.test.unit.features.annotations.AnnotationsTest.podamShouldThrowExceptionWhenPodamFloatValueContainsInvalidCharacters(AnnotationsTest.java:539)
</system-err></testcase><testcase classname="uk.co.jemos.podam.test.unit.features.annotations.AnnotationsTest" name="Podam should handle both native and wrapped float values with @PodamFloatValue annotation"/><testcase classname="uk.co.jemos.podam.test.unit.features.annotations.AnnotationsTest" name="Podam should handle POJOs with constructors that have one or more self references to the POJO class, provided the required constructor is annotated with @PodamConstructor"/><testcase classname="uk.co.jemos.podam.test.unit.features.annotations.AnnotationsTest" name="Podam should handle both native and wrapped long values with @PodamLongValue annotation"/><testcase classname="uk.co.jemos.podam.test.unit.features.annotations.AnnotationsTest" name="Podam should handle both native and wrapped short values with @PodamShortValue annotation"/><testcase classname="uk.co.jemos.podam.test.unit.features.annotations.AnnotationsTest" name="Podam should throw an exception if the @PodamStrategyValue annotation contains the wrong strateg type"/><testcase classname="uk.co.jemos.podam.test.unit.features.annotations.AnnotationsTest" name="Podam should throw an exception if the @PodamShortValue annotation contains invalid characters"><error message="The precise value: fajkfhaf cannot be converted to a short type. An exception will be thrown." type="java.lang.IllegalArgumentException">The precise value: fajkfhaf cannot be converted to a short type. An exception will be thrown.</error><system-err>The precise value: fajkfhaf cannot be converted to a short type. An exception will be thrown.
uk.co.jemos.podam.api.PodamFactoryImpl.getShortValueWithinRange(PodamFactoryImpl.java:633)
uk.co.jemos.podam.api.PodamFactoryImpl.resolveBoxedValue(PodamFactoryImpl.java:1023)
uk.co.jemos.podam.api.PodamFactoryImpl.manufactureAttributeValue(PodamFactoryImpl.java:1557)
uk.co.jemos.podam.api.PodamFactoryImpl.populatePojoInternal(PodamFactoryImpl.java:1395)
uk.co.jemos.podam.api.PodamFactoryImpl.manufacturePojoInternal(PodamFactoryImpl.java:1244)
uk.co.jemos.podam.api.PodamFactoryImpl.manufacturePojo(PodamFactoryImpl.java:175)
uk.co.jemos.podam.test.unit.steps.PodamInvocationSteps.whenIInvokeTheFactoryForClass(PodamInvocationSteps.java:13)
uk.co.jemos.podam.test.unit.features.annotations.AnnotationsTest.podamShouldThrowExceptionWhenPodamShortValueContainsInvalidCharacters(AnnotationsTest.java:532)
</system-err></testcase><testcase classname="uk.co.jemos.podam.test.unit.features.annotations.AnnotationsTest" name="The @PodamCollection annotation should allow to set sizes on all collections and arrays"/><testcase classname="uk.co.jemos.podam.test.unit.features.annotations.AnnotationsTest" name="Podam should throw an exception if the @PodamLongValue annotation contains invalid characters"><error message="The annotation value: afhafhakflh could not be converted to a Long. An exception will be thrown." type="java.lang.IllegalArgumentException">The annotation value: afhafhakflh could not be converted to a Long. An exception will be thrown.</error><system-err>The annotation value: afhafhakflh could not be converted to a Long. An exception will be thrown.
uk.co.jemos.podam.api.PodamFactoryImpl.getLongValueWithinRange(PodamFactoryImpl.java:948)
uk.co.jemos.podam.api.PodamFactoryImpl.resolveBoxedValue(PodamFactoryImpl.java:1003)
uk.co.jemos.podam.api.PodamFactoryImpl.manufactureAttributeValue(PodamFactoryImpl.java:1557)
uk.co.jemos.podam.api.PodamFactoryImpl.populatePojoInternal(PodamFactoryImpl.java:1395)
uk.co.jemos.podam.api.PodamFactoryImpl.manufacturePojoInternal(PodamFactoryImpl.java:1244)
uk.co.jemos.podam.api.PodamFactoryImpl.manufacturePojo(PodamFactoryImpl.java:175)
uk.co.jemos.podam.test.unit.steps.PodamInvocationSteps.whenIInvokeTheFactoryForClass(PodamInvocationSteps.java:13)
uk.co.jemos.podam.test.unit.features.annotations.AnnotationsTest.podamShouldThrowExceptionWhenPodamLongValueContainsInvalidCharacters(AnnotationsTest.java:516)
</system-err></testcase><testcase classname="uk.co.jemos.podam.test.unit.features.annotations.AnnotationsTest" name="Podam should assign precise values and lengths when a String is annotated with @PodamStringValue"/></testsuite>