<?xml version="1.0" encoding="UTF-8"?><testsuite errors="0" failures="0" name="uk.co.jemos.podam.test.unit.features.classInfo.ClassInfoTest" skipped="0" tests="6" time="0.82" timestamp="2023-07-210 05:16:28"><testcase classname="uk.co.jemos.podam.test.unit.features.classInfo.ClassInfoTest" name="Podam should return valid class info for POJOs with no attributes"/><testcase classname="uk.co.jemos.podam.test.unit.features.classInfo.ClassInfoTest" name="Podam should be able to find non-standard attributes with a custom class info strategy"/><testcase classname="uk.co.jemos.podam.test.unit.features.classInfo.ClassInfoTest" name="The ClassInfo object created for a class should handle @PodamExcludeAnnotations"/><testcase classname="uk.co.jemos.podam.test.unit.features.classInfo.ClassInfoTest" name="Podam should be able to find attributes with pattern [a-z][0-9]"/><testcase classname="uk.co.jemos.podam.test.unit.features.classInfo.ClassInfoTest" name="In Presence of excluded attributes, the Class Info object should not contain those attributes"/><testcase classname="uk.co.jemos.podam.test.unit.features.classInfo.ClassInfoTest" name="Podam should generate a ClassInfo which contains information for the setters contained in the POJO"/></testsuite>