<?xml version="1.0" encoding="UTF-8"?><testsuite errors="0" failures="0" name="uk.co.jemos.podam.test.unit.features.constructors.ConstructorsUnitTest" skipped="0" tests="21" time="0.42" timestamp="2015-06-172 09:03:05"><testcase classname="uk.co.jemos.podam.test.unit.features.constructors.ConstructorsUnitTest" name="Podam should choose the lightest constructor when the standard manufacturing method is invoked"/><testcase classname="uk.co.jemos.podam.test.unit.features.constructors.ConstructorsUnitTest" name="Podam should manufacture package private POJOs"/><testcase classname="uk.co.jemos.podam.test.unit.features.constructors.ConstructorsUnitTest" name="Podam should be able to manufacture instances of the Observable class"/><testcase classname="uk.co.jemos.podam.test.unit.features.constructors.ConstructorsUnitTest" name="Podam should be able to instantiate POJOs with immutable Collections"/><testcase classname="uk.co.jemos.podam.test.unit.features.constructors.ConstructorsUnitTest" name="Podam should be able to create instances of JAXBElements declared as instance variables in a POJO"/><testcase classname="uk.co.jemos.podam.test.unit.features.constructors.ConstructorsUnitTest" name="Podam should be able to manufacture any type of Lists"/><testcase classname="uk.co.jemos.podam.test.unit.features.constructors.ConstructorsUnitTest" name="Podam should be able to create instances of inner classes"/><testcase classname="uk.co.jemos.podam.test.unit.features.constructors.ConstructorsUnitTest" name="Podam should be able to manufacture POJOs which contain immutable collections"/><testcase classname="uk.co.jemos.podam.test.unit.features.constructors.ConstructorsUnitTest" name="Podam should handle generics in the constructor"/><testcase classname="uk.co.jemos.podam.test.unit.features.constructors.ConstructorsUnitTest" name="Podam should be able to create instances of generic POJOs with factory methods when the concrete type is known"/><testcase classname="uk.co.jemos.podam.test.unit.features.constructors.ConstructorsUnitTest" name="Podam should create instances of POJOs extending generic classes"/><testcase classname="uk.co.jemos.podam.test.unit.features.constructors.ConstructorsUnitTest" name="Podam should handle classes with generic Key/Value types"/><testcase classname="uk.co.jemos.podam.test.unit.features.constructors.ConstructorsUnitTest" name="Podam should handle generics in setters during Pojo instantiation"/><testcase classname="uk.co.jemos.podam.test.unit.features.constructors.ConstructorsUnitTest" name="Podam should be able to manufacture any type of Maps"/><testcase classname="uk.co.jemos.podam.test.unit.features.constructors.ConstructorsUnitTest" name="Podam should handle constructors with generic arrays during Pojo instantiation"/><testcase classname="uk.co.jemos.podam.test.unit.features.constructors.ConstructorsUnitTest" name="Podam should be able to instantiate POJOs with immutable Maps"/><testcase classname="uk.co.jemos.podam.test.unit.features.constructors.ConstructorsUnitTest" name="Podam should handle constructors with multiple generics during Pojo instantiation"/><testcase classname="uk.co.jemos.podam.test.unit.features.constructors.ConstructorsUnitTest" name="Podam should be able to create instances of abstract POJOs with factory methods which return concrete types"/><testcase classname="uk.co.jemos.podam.test.unit.features.constructors.ConstructorsUnitTest" name="Podam should choose the fullest constructor when invoked for full data"/><testcase classname="uk.co.jemos.podam.test.unit.features.constructors.ConstructorsUnitTest" name="Podam should handle generics in static constructors during POJO instantiation"/><testcase classname="uk.co.jemos.podam.test.unit.features.constructors.ConstructorsUnitTest" name="Podam should be able to create instances of JAXBElement"/></testsuite>