<?xml version="1.0" encoding="UTF-8"?><testsuite errors="0" failures="0" name="uk.co.jemos.podam.test.unit.basicTypes.PodamFactoryBasicTypesTest" skipped="0" tests="12" time="0.93" timestamp="2015-05-150 09:08:55"><testcase classname="uk.co.jemos.podam.test.unit.basicTypes.PodamFactoryBasicTypesTest" name="Invoking Podam on a POJO with a private, no arguments constructor, should return a non null POJO"/><testcase classname="uk.co.jemos.podam.test.unit.basicTypes.PodamFactoryBasicTypesTest" name="Podam should fill in Maps of the containing class type"/><testcase classname="uk.co.jemos.podam.test.unit.basicTypes.PodamFactoryBasicTypesTest" name="Podam should fill embedded abstract classes if a concrete type has been specified"/><testcase classname="uk.co.jemos.podam.test.unit.basicTypes.PodamFactoryBasicTypesTest" name="Invoking Podam on an interface should return an empty POJO"/><testcase classname="uk.co.jemos.podam.test.unit.basicTypes.PodamFactoryBasicTypesTest" name="Podam should fill in a POJO with basic jvm types"/><testcase classname="uk.co.jemos.podam.test.unit.basicTypes.PodamFactoryBasicTypesTest" name="Invoking Podam on an Abstract class should return a null pojo"/><testcase classname="uk.co.jemos.podam.test.unit.basicTypes.PodamFactoryBasicTypesTest" name="Podam should fill recursive POJOs when invoking the factory population directly"/><testcase classname="uk.co.jemos.podam.test.unit.basicTypes.PodamFactoryBasicTypesTest" name="Podam should fill recursive POJOs correctly, including all their fields"/><testcase classname="uk.co.jemos.podam.test.unit.basicTypes.PodamFactoryBasicTypesTest" name="Podam should fill POJOs with non default constructors"/><testcase classname="uk.co.jemos.podam.test.unit.basicTypes.PodamFactoryBasicTypesTest" name="Podam should fill in lists of the containing class type"/><testcase classname="uk.co.jemos.podam.test.unit.basicTypes.PodamFactoryBasicTypesTest" name="Podam should generate a non null POJO for Abstract types with a concrete type"/><testcase classname="uk.co.jemos.podam.test.unit.basicTypes.PodamFactoryBasicTypesTest" name="Podam should fill in POJOs which have a circular dependency"/></testsuite>