<?xml version="1.0" encoding="UTF-8"?><testsuite errors="0" failures="0" name="uk.co.jemos.podam.test.unit.features.xmlTypes.XMLDatatypeUnitTest" skipped="0" tests="3" time="0.05" timestamp="2016-10-283 06:32:55"><testcase classname="uk.co.jemos.podam.test.unit.features.xmlTypes.XMLDatatypeUnitTest" name="When given an external factory, Podam should be able to create instances of the Duration class"/><testcase classname="uk.co.jemos.podam.test.unit.features.xmlTypes.XMLDatatypeUnitTest" name="When given an external factory, Podam should be able to fill POJOs with instance attributes containing XMLGregorianCalendar and Duration"/><testcase classname="uk.co.jemos.podam.test.unit.features.xmlTypes.XMLDatatypeUnitTest" name="When given an external factory, Podam should be able to create instances of XMLGregorianCalendar"/></testsuite>