<?xml version="1.0" encoding="UTF-8"?><testsuite errors="0" failures="0" name="uk.co.jemos.podam.test.unit.features.inheritance.InheritanceTest" skipped="0" tests="3" time="0.18" timestamp="2015-09-270 02:32:27"><testcase classname="uk.co.jemos.podam.test.unit.features.inheritance.InheritanceTest" name="Podam should handle basic inheritance scenarios"/><testcase classname="uk.co.jemos.podam.test.unit.features.inheritance.InheritanceTest" name="Podam should manufacture all POJOs in a tree hierarchy"/><testcase classname="uk.co.jemos.podam.test.unit.features.inheritance.InheritanceTest" name="Podam should handle the manufacturing of POJOs which inherit from other classes"/></testsuite>