<?xml version="1.0" encoding="UTF-8"?><testsuite errors="0" failures="0" name="uk.co.jemos.podam.test.unit.features.inheritance.MultipleInterfacesInheritanceTest" skipped="0" tests="3" time="0.11" timestamp="2016-08-234 11:45:01"><testcase classname="uk.co.jemos.podam.test.unit.features.inheritance.MultipleInterfacesInheritanceTest" name="Podam cannot instantiate interfaces which extend Map"/><testcase classname="uk.co.jemos.podam.test.unit.features.inheritance.MultipleInterfacesInheritanceTest" name="Podam will create an instance of a POJO but its interface types won't be instantiated"/><testcase classname="uk.co.jemos.podam.test.unit.features.inheritance.MultipleInterfacesInheritanceTest" name="Podam cannot instantiate interfaces"/></testsuite>