<?xml version="1.0" encoding="UTF-8" standalone="yes"?><!DOCTYPE report PUBLIC "-//JACOCO//DTD Report 1.0//EN" "report.dtd"><report name="podam"><sessioninfo id="jenkins-3b503a64" start="1431462494718" dump="1431462498964"/><package name="uk/co/jemos/podam/exceptions"><class name="uk/co/jemos/podam/exceptions/PodamMockeryException"><method name="&lt;init&gt;" desc="(Ljava/lang/String;Ljava/lang/Throwable;)V" line="33"><counter type="INSTRUCTION" missed="0" covered="5"/><counter type="LINE" missed="0" covered="2"/><counter type="COMPLEXITY" missed="0" covered="1"/><counter type="METHOD" missed="0" covered="1"/></method><counter type="INSTRUCTION" missed="0" covered="5"/><counter type="LINE" missed="0" covered="2"/><counter type="COMPLEXITY" missed="0" covered="1"/><counter type="METHOD" missed="0" covered="1"/><counter type="CLASS" missed="0" covered="1"/></class><sourcefile name="PodamMockeryException.java"><line nr="33" mi="0" ci="4" mb="0" cb="0"/><line nr="34" mi="0" ci="1" mb="0" cb="0"/><counter type="INSTRUCTION" missed="0" covered="5"/><counter type="LINE" missed="0" covered="2"/><counter type="COMPLEXITY" missed="0" covered="1"/><counter type="METHOD" missed="0" covered="1"/><counter type="CLASS" missed="0" covered="1"/></sourcefile><counter type="INSTRUCTION" missed="0" covered="5"/><counter type="LINE" missed="0" covered="2"/><counter type="COMPLEXITY" missed="0" covered="1"/><counter type="METHOD" missed="0" covered="1"/><counter type="CLASS" missed="0" covered="1"/></package><package name="uk/co/jemos/podam/api"><class name="uk/co/jemos/podam/api/AbstractClassInfoStrategy"><method name="&lt;init&gt;" desc="()V" line="22"><counter type="INSTRUCTION" missed="0" covered="18"/><counter type="LINE" missed="0" covered="4"/><counter type="COMPLEXITY" missed="0" covered="1"/><counter type="METHOD" missed="0" covered="1"/></method><method name="addExcludedAnnotation" desc="(Ljava/lang/Class;)Luk/co/jemos/podam/api/AbstractClassInfoStrategy;" line="65"><counter type="INSTRUCTION" missed="0" covered="7"/><counter type="LINE" missed="0" covered="2"/><counter type="COMPLEXITY" missed="0" covered="1"/><counter type="METHOD" missed="0" covered="1"/></method><method name="addExtraMethod" desc="(Ljava/lang/Class;Ljava/lang/String;[Ljava/lang/Class;)Luk/co/jemos/podam/api/AbstractClassInfoStrategy;" line="83"><counter type="INSTRUCTION" missed="0" covered="29"/><counter type="BRANCH" missed="0" covered="2"/><counter type="LINE" missed="0" covered="7"/><counter type="COMPLEXITY" missed="0" covered="2"/><counter type="METHOD" missed="0" covered="1"/></method><method name="removeExcludedAnnotation" desc="(Ljava/lang/Class;)Luk/co/jemos/podam/api/AbstractClassInfoStrategy;" line="105"><counter type="INSTRUCTION" missed="0" covered="7"/><counter type="LINE" missed="0" covered="2"/><counter type="COMPLEXITY" missed="0" covered="1"/><counter type="METHOD" missed="0" covered="1"/></method><method name="addExcludedField" desc="(Ljava/lang/Class;Ljava/lang/String;)Luk/co/jemos/podam/api/AbstractClassInfoStrategy;" line="121"><counter type="INSTRUCTION" missed="0" covered="24"/><counter type="BRANCH" missed="1" covered="1"/><counter type="LINE" missed="0" covered="6"/><counter type="COMPLEXITY" missed="1" covered="1"/><counter type="METHOD" missed="0" covered="1"/></method><method name="removeExcludedField" desc="(Ljava/lang/Class;Ljava/lang/String;)Luk/co/jemos/podam/api/AbstractClassInfoStrategy;" line="141"><counter type="INSTRUCTION" missed="0" covered="14"/><counter type="BRANCH" missed="1" covered="1"/><counter type="LINE" missed="0" covered="4"/><counter type="COMPLEXITY" missed="1" covered="1"/><counter type="METHOD" missed="0" covered="1"/></method><method name="approve" desc="(Luk/co/jemos/podam/api/ClassAttribute;)Z" line="154"><counter type="INSTRUCTION" missed="0" covered="7"/><counter type="BRANCH" missed="0" covered="2"/><counter type="LINE" missed="0" covered="1"/><counter type="COMPLEXITY" missed="0" covered="2"/><counter type="METHOD" missed="0" covered="1"/></method><method name="getExcludedAnnotations" desc="()Ljava/util/Set;" line="163"><counter type="INSTRUCTION" missed="0" covered="3"/><counter type="LINE" missed="0" covered="1"/><counter type="COMPLEXITY" missed="0" covered="1"/><counter type="METHOD" missed="0" covered="1"/></method><method name="getExcludedFields" desc="(Ljava/lang/Class;)Ljava/util/Set;" line="172"><counter type="INSTRUCTION" missed="6" covered="0"/><counter type="LINE" missed="1" covered="0"/><counter type="COMPLEXITY" missed="1" covered="0"/><counter type="METHOD" missed="1" covered="0"/></method><method name="getClassInfo" desc="(Ljava/lang/Class;)Luk/co/jemos/podam/api/ClassInfo;" line="180"><counter type="INSTRUCTION" missed="0" covered="30"/><counter type="BRANCH" missed="0" covered="4"/><counter type="LINE" missed="0" covered="7"/><counter type="COMPLEXITY" missed="0" covered="3"/><counter type="METHOD" missed="0" covered="1"/></method><method name="getClassAttributeApprover" desc="(Ljava/lang/Class;)Luk/co/jemos/podam/api/ClassAttributeApprover;" line="194"><counter type="INSTRUCTION" missed="0" covered="2"/><counter type="LINE" missed="0" covered="1"/><counter type="COMPLEXITY" missed="0" covered="1"/><counter type="METHOD" missed="0" covered="1"/></method><method name="getExtraMethods" desc="(Ljava/lang/Class;)Ljava/util/Collection;" line="199"><counter type="INSTRUCTION" missed="0" covered="6"/><counter type="LINE" missed="0" covered="1"/><counter type="COMPLEXITY" missed="0" covered="1"/><counter type="METHOD" missed="0" covered="1"/></method><counter type="INSTRUCTION" missed="6" covered="147"/><counter type="BRANCH" missed="2" covered="10"/><counter type="LINE" missed="1" covered="36"/><counter type="COMPLEXITY" missed="3" covered="15"/><counter type="METHOD" missed="1" covered="11"/><counter type="CLASS" missed="0" covered="1"/></class><class name="uk/co/jemos/podam/api/MapArguments"><method name="&lt;init&gt;" desc="()V" line="13"><counter type="INSTRUCTION" missed="0" covered="3"/><counter type="LINE" missed="0" covered="1"/><counter type="COMPLEXITY" missed="0" covered="1"/><counter type="METHOD" missed="0" covered="1"/></method><method name="getKeyClass" desc="()Ljava/lang/Class;" line="38"><counter type="INSTRUCTION" missed="0" covered="3"/><counter type="LINE" missed="0" covered="1"/><counter type="COMPLEXITY" missed="0" covered="1"/><counter type="METHOD" missed="0" covered="1"/></method><method name="setKeyClass" desc="(Ljava/lang/Class;)V" line="46"><counter type="INSTRUCTION" missed="0" covered="4"/><counter type="LINE" missed="0" covered="2"/><counter type="COMPLEXITY" missed="0" covered="1"/><counter type="METHOD" missed="0" covered="1"/></method><method name="getElementClass" desc="()Ljava/lang/Class;" line="53"><counter type="INSTRUCTION" missed="0" covered="3"/><counter type="LINE" missed="0" covered="1"/><counter type="COMPLEXITY" missed="0" covered="1"/><counter type="METHOD" missed="0" covered="1"/></method><method name="setElementClass" desc="(Ljava/lang/Class;)V" line="61"><counter type="INSTRUCTION" missed="0" covered="4"/><counter type="LINE" missed="0" covered="2"/><counter type="COMPLEXITY" missed="0" covered="1"/><counter type="METHOD" missed="0" covered="1"/></method><method name="getKeyGenericTypeArgs" desc="()[Ljava/lang/reflect/Type;" line="68"><counter type="INSTRUCTION" missed="0" covered="3"/><counter type="LINE" missed="0" covered="1"/><counter type="COMPLEXITY" missed="0" covered="1"/><counter type="METHOD" missed="0" covered="1"/></method><method name="setKeyGenericTypeArgs" desc="([Ljava/lang/reflect/Type;)V" line="76"><counter type="INSTRUCTION" missed="0" covered="6"/><counter type="LINE" missed="0" covered="2"/><counter type="COMPLEXITY" missed="0" covered="1"/><counter type="METHOD" missed="0" covered="1"/></method><method name="getElementGenericTypeArgs" desc="()[Ljava/lang/reflect/Type;" line="83"><counter type="INSTRUCTION" missed="0" covered="3"/><counter type="LINE" missed="0" covered="1"/><counter type="COMPLEXITY" missed="0" covered="1"/><counter type="METHOD" missed="0" covered="1"/></method><method name="setElementGenericTypeArgs" desc="([Ljava/lang/reflect/Type;)V" line="91"><counter type="INSTRUCTION" missed="0" covered="6"/><counter type="LINE" missed="0" covered="2"/><counter type="COMPLEXITY" missed="0" covered="1"/><counter type="METHOD" missed="0" covered="1"/></method><method name="toString" desc="()Ljava/lang/String;" line="99"><counter type="INSTRUCTION" missed="58" covered="0"/><counter type="LINE" missed="13" covered="0"/><counter type="COMPLEXITY" missed="1" covered="0"/><counter type="METHOD" missed="1" covered="0"/></method><counter type="INSTRUCTION" missed="58" covered="35"/><counter type="LINE" missed="13" covered="13"/><counter type="COMPLEXITY" missed="1" covered="9"/><counter type="METHOD" missed="1" covered="9"/><counter type="CLASS" missed="0" covered="1"/></class><class name="uk/co/jemos/podam/api/ObjectStrategy"><method name="&lt;init&gt;" desc="()V" line="16"><counter type="INSTRUCTION" missed="0" covered="3"/><counter type="LINE" missed="0" covered="1"/><counter type="COMPLEXITY" missed="0" covered="1"/><counter type="METHOD" missed="0" covered="1"/></method><method name="getValue" desc="()Ljava/lang/Object;" line="23"><counter type="INSTRUCTION" missed="0" covered="4"/><counter type="LINE" missed="0" covered="1"/><counter type="COMPLEXITY" missed="0" covered="1"/><counter type="METHOD" missed="0" covered="1"/></method><counter type="INSTRUCTION" missed="0" covered="7"/><counter type="LINE" missed="0" covered="2"/><counter type="COMPLEXITY" missed="0" covered="2"/><counter type="METHOD" missed="0" covered="2"/><counter type="CLASS" missed="0" covered="1"/></class><class name="uk/co/jemos/podam/api/NullExternalFactory"><method name="&lt;init&gt;" desc="()V" line="37"><counter type="INSTRUCTION" missed="0" covered="3"/><counter type="LINE" missed="0" covered="2"/><counter type="COMPLEXITY" missed="0" covered="1"/><counter type="METHOD" missed="0" covered="1"/></method><method name="getInstance" desc="()Luk/co/jemos/podam/api/NullExternalFactory;" line="48"><counter type="INSTRUCTION" missed="0" covered="2"/><counter type="LINE" missed="0" covered="1"/><counter type="COMPLEXITY" missed="0" covered="1"/><counter type="METHOD" missed="0" covered="1"/></method><method name="manufacturePojo" desc="(Ljava/lang/Class;[Ljava/lang/reflect/Type;)Ljava/lang/Object;" line="56"><counter type="INSTRUCTION" missed="0" covered="8"/><counter type="LINE" missed="0" covered="2"/><counter type="COMPLEXITY" missed="0" covered="1"/><counter type="METHOD" missed="0" covered="1"/></method><method name="populatePojo" desc="(Ljava/lang/Object;[Ljava/lang/reflect/Type;)Ljava/lang/Object;" line="63"><counter type="INSTRUCTION" missed="2" covered="0"/><counter type="LINE" missed="1" covered="0"/><counter type="COMPLEXITY" missed="1" covered="0"/><counter type="METHOD" missed="1" covered="0"/></method><method name="&lt;clinit&gt;" desc="()V" line="25"><counter type="INSTRUCTION" missed="0" covered="8"/><counter type="LINE" missed="0" covered="2"/><counter type="COMPLEXITY" missed="0" covered="1"/><counter type="METHOD" missed="0" covered="1"/></method><counter type="INSTRUCTION" missed="2" covered="21"/><counter type="LINE" missed="1" covered="7"/><counter type="COMPLEXITY" missed="1" covered="4"/><counter type="METHOD" missed="1" covered="4"/><counter type="CLASS" missed="0" covered="1"/></class><class name="uk/co/jemos/podam/api/DefaultClassInfoStrategy"><method name="&lt;init&gt;" desc="()V" line="35"><counter type="INSTRUCTION" missed="0" covered="3"/><counter type="LINE" missed="0" covered="2"/><counter type="COMPLEXITY" missed="0" covered="1"/><counter type="METHOD" missed="0" covered="1"/></method><method name="getInstance" desc="()Luk/co/jemos/podam/api/DefaultClassInfoStrategy;" line="46"><counter type="INSTRUCTION" missed="0" covered="2"/><counter type="LINE" missed="0" covered="1"/><counter type="COMPLEXITY" missed="0" covered="1"/><counter type="METHOD" missed="0" covered="1"/></method><method name="getInstance" desc="(I)Luk/co/jemos/podam/api/DefaultClassInfoStrategy;" line="61"><counter type="INSTRUCTION" missed="2" covered="0"/><counter type="LINE" missed="1" covered="0"/><counter type="COMPLEXITY" missed="1" covered="0"/><counter type="METHOD" missed="1" covered="0"/></method><method name="&lt;clinit&gt;" desc="()V" line="25"><counter type="INSTRUCTION" missed="0" covered="5"/><counter type="LINE" missed="0" covered="1"/><counter type="COMPLEXITY" missed="0" covered="1"/><counter type="METHOD" missed="0" covered="1"/></method><counter type="INSTRUCTION" missed="2" covered="10"/><counter type="LINE" missed="1" covered="4"/><counter type="COMPLEXITY" missed="1" covered="3"/><counter type="METHOD" missed="1" covered="3"/><counter type="CLASS" missed="0" covered="1"/></class><class name="uk/co/jemos/podam/api/ClassAttribute"><method name="&lt;init&gt;" desc="(Ljava/lang/reflect/Field;Ljava/util/Set;Ljava/util/Set;)V" line="35"><counter type="INSTRUCTION" missed="0" covered="26"/><counter type="LINE" missed="0" covered="7"/><counter type="COMPLEXITY" missed="0" covered="1"/><counter type="METHOD" missed="0" covered="1"/></method><method name="getAttribute" desc="()Ljava/lang/reflect/Field;" line="62"><counter type="INSTRUCTION" missed="0" covered="3"/><counter type="LINE" missed="0" covered="1"/><counter type="COMPLEXITY" missed="0" covered="1"/><counter type="METHOD" missed="0" covered="1"/></method><method name="getGetters" desc="()Ljava/util/Set;" line="71"><counter type="INSTRUCTION" missed="0" covered="6"/><counter type="LINE" missed="0" covered="1"/><counter type="COMPLEXITY" missed="0" covered="1"/><counter type="METHOD" missed="0" covered="1"/></method><method name="getRawGetters" desc="()Ljava/util/Set;" line="75"><counter type="INSTRUCTION" missed="0" covered="3"/><counter type="LINE" missed="0" covered="1"/><counter type="COMPLEXITY" missed="0" covered="1"/><counter type="METHOD" missed="0" covered="1"/></method><method name="getSetters" desc="()Ljava/util/Set;" line="84"><counter type="INSTRUCTION" missed="0" covered="6"/><counter type="LINE" missed="0" covered="1"/><counter type="COMPLEXITY" missed="0" covered="1"/><counter type="METHOD" missed="0" covered="1"/></method><method name="getRawSetters" desc="()Ljava/util/Set;" line="88"><counter type="INSTRUCTION" missed="0" covered="3"/><counter type="LINE" missed="0" covered="1"/><counter type="COMPLEXITY" missed="0" covered="1"/><counter type="METHOD" missed="0" covered="1"/></method><method name="hashCode" desc="()I" line="99"><counter type="INSTRUCTION" missed="0" covered="19"/><counter type="BRANCH" missed="0" covered="2"/><counter type="LINE" missed="0" covered="4"/><counter type="COMPLEXITY" missed="0" covered="2"/><counter type="METHOD" missed="0" covered="1"/></method><method name="equals" desc="(Ljava/lang/Object;)Z" line="113"><counter type="INSTRUCTION" missed="42" covered="0"/><counter type="BRANCH" missed="12" covered="0"/><counter type="LINE" missed="12" covered="0"/><counter type="COMPLEXITY" missed="7" covered="0"/><counter type="METHOD" missed="1" covered="0"/></method><method name="toString" desc="()Ljava/lang/String;" line="137"><counter type="INSTRUCTION" missed="0" covered="34"/><counter type="LINE" missed="0" covered="8"/><counter type="COMPLEXITY" missed="0" covered="1"/><counter type="METHOD" missed="0" covered="1"/></method><counter type="INSTRUCTION" missed="42" covered="100"/><counter type="BRANCH" missed="12" covered="2"/><counter type="LINE" missed="12" covered="24"/><counter type="COMPLEXITY" missed="7" covered="9"/><counter type="METHOD" missed="1" covered="8"/><counter type="CLASS" missed="0" covered="1"/></class><class name="uk/co/jemos/podam/api/RandomDataProviderStrategy"><method name="&lt;init&gt;" desc="()V" line="43"><counter type="INSTRUCTION" missed="0" covered="6"/><counter type="LINE" missed="0" covered="3"/><counter type="COMPLEXITY" missed="0" covered="1"/><counter type="METHOD" missed="0" covered="1"/></method><method name="getInstance" desc="()Luk/co/jemos/podam/api/RandomDataProviderStrategy;" line="55"><counter type="INSTRUCTION" missed="0" covered="2"/><counter type="LINE" missed="0" covered="1"/><counter type="COMPLEXITY" missed="0" covered="1"/><counter type="METHOD" missed="0" covered="1"/></method><method name="getInstance" desc="(I)Luk/co/jemos/podam/api/RandomDataProviderStrategy;" line="70"><counter type="INSTRUCTION" missed="0" covered="5"/><counter type="LINE" missed="0" covered="2"/><counter type="COMPLEXITY" missed="0" covered="1"/><counter type="METHOD" missed="0" covered="1"/></method><method name="&lt;clinit&gt;" desc="()V" line="33"><counter type="INSTRUCTION" missed="0" covered="5"/><counter type="LINE" missed="0" covered="1"/><counter type="COMPLEXITY" missed="0" covered="1"/><counter type="METHOD" missed="0" covered="1"/></method><counter type="INSTRUCTION" missed="0" covered="18"/><counter type="LINE" missed="0" covered="7"/><counter type="COMPLEXITY" missed="0" covered="4"/><counter type="METHOD" missed="0" covered="4"/><counter type="CLASS" missed="0" covered="1"/></class><class name="uk/co/jemos/podam/api/AttributeMetadata"><method name="&lt;init&gt;" desc="(Ljava/lang/String;Ljava/lang/Class;[Ljava/lang/reflect/Type;Ljava/util/List;Ljava/lang/Class;)V" line="68"><counter type="INSTRUCTION" missed="0" covered="18"/><counter type="LINE" missed="0" covered="7"/><counter type="COMPLEXITY" missed="0" covered="1"/><counter type="METHOD" missed="0" covered="1"/></method><method name="&lt;init&gt;" desc="(Ljava/lang/Class;[Ljava/lang/reflect/Type;Ljava/lang/Class;)V" line="88"><counter type="INSTRUCTION" missed="0" covered="8"/><counter type="LINE" missed="0" covered="2"/><counter type="COMPLEXITY" missed="0" covered="1"/><counter type="METHOD" missed="0" covered="1"/></method><method name="getAttributeName" desc="()Ljava/lang/String;" line="97"><counter type="INSTRUCTION" missed="0" covered="3"/><counter type="LINE" missed="0" covered="1"/><counter type="COMPLEXITY" missed="0" covered="1"/><counter type="METHOD" missed="0" covered="1"/></method><method name="getAttributeType" desc="()Ljava/lang/Class;" line="101"><counter type="INSTRUCTION" missed="0" covered="3"/><counter type="LINE" missed="0" covered="1"/><counter type="COMPLEXITY" missed="0" covered="1"/><counter type="METHOD" missed="0" covered="1"/></method><method name="getAttrGenericArgs" desc="()[Ljava/lang/reflect/Type;" line="105"><counter type="INSTRUCTION" missed="0" covered="3"/><counter type="LINE" missed="0" covered="1"/><counter type="COMPLEXITY" missed="0" covered="1"/><counter type="METHOD" missed="0" covered="1"/></method><method name="getAttributeAnnotations" desc="()Ljava/util/List;" line="109"><counter type="INSTRUCTION" missed="3" covered="0"/><counter type="LINE" missed="1" covered="0"/><counter type="COMPLEXITY" missed="1" covered="0"/><counter type="METHOD" missed="1" covered="0"/></method><method name="getPojoClass" desc="()Ljava/lang/Class;" line="113"><counter type="INSTRUCTION" missed="0" covered="3"/><counter type="LINE" missed="0" covered="1"/><counter type="COMPLEXITY" missed="0" covered="1"/><counter type="METHOD" missed="0" covered="1"/></method><method name="toString" desc="()Ljava/lang/String;" line="125"><counter type="INSTRUCTION" missed="0" covered="47"/><counter type="LINE" missed="0" covered="11"/><counter type="COMPLEXITY" missed="0" covered="1"/><counter type="METHOD" missed="0" covered="1"/></method><counter type="INSTRUCTION" missed="3" covered="85"/><counter type="LINE" missed="1" covered="24"/><counter type="COMPLEXITY" missed="1" covered="7"/><counter type="METHOD" missed="1" covered="7"/><counter type="CLASS" missed="0" covered="1"/></class><class name="uk/co/jemos/podam/api/ClassInfo"><method name="&lt;init&gt;" desc="(Ljava/lang/Class;Ljava/util/Collection;)V" line="52"><counter type="INSTRUCTION" missed="0" covered="6"/><counter type="LINE" missed="0" covered="2"/><counter type="COMPLEXITY" missed="0" covered="1"/><counter type="METHOD" missed="0" covered="1"/></method><method name="&lt;init&gt;" desc="(Ljava/lang/Class;Ljava/util/Collection;Ljava/util/Collection;)V" line="40"><counter type="INSTRUCTION" missed="0" covered="26"/><counter type="LINE" missed="0" covered="7"/><counter type="COMPLEXITY" missed="0" covered="1"/><counter type="METHOD" missed="0" covered="1"/></method><method name="getClassAttributes" desc="()Ljava/util/Set;" line="71"><counter type="INSTRUCTION" missed="0" covered="6"/><counter type="LINE" missed="0" covered="1"/><counter type="COMPLEXITY" missed="0" covered="1"/><counter type="METHOD" missed="0" covered="1"/></method><method name="getClassName" desc="()Ljava/lang/Class;" line="80"><counter type="INSTRUCTION" missed="0" covered="3"/><counter type="LINE" missed="0" covered="1"/><counter type="COMPLEXITY" missed="0" covered="1"/><counter type="METHOD" missed="0" covered="1"/></method><method name="hashCode" desc="()I" line="90"><counter type="INSTRUCTION" missed="32" covered="0"/><counter type="BRANCH" missed="4" covered="0"/><counter type="LINE" missed="5" covered="0"/><counter type="COMPLEXITY" missed="3" covered="0"/><counter type="METHOD" missed="1" covered="0"/></method><method name="equals" desc="(Ljava/lang/Object;)Z" line="106"><counter type="INSTRUCTION" missed="20" covered="35"/><counter type="BRANCH" missed="11" covered="7"/><counter type="LINE" missed="9" covered="9"/><counter type="COMPLEXITY" missed="9" covered="1"/><counter type="METHOD" missed="0" covered="1"/></method><counter type="INSTRUCTION" missed="52" covered="76"/><counter type="BRANCH" missed="15" covered="7"/><counter type="LINE" missed="14" covered="20"/><counter type="COMPLEXITY" missed="12" covered="5"/><counter type="METHOD" missed="1" covered="5"/><counter type="CLASS" missed="0" covered="1"/></class><class name="uk/co/jemos/podam/api/PodamUtils"><method name="&lt;init&gt;" desc="()V" line="45"><counter type="INSTRUCTION" missed="6" covered="0"/><counter type="LINE" missed="2" covered="0"/><counter type="COMPLEXITY" missed="1" covered="0"/><counter type="METHOD" missed="1" covered="0"/></method><method name="getClassInfo" desc="(Ljava/lang/Class;Luk/co/jemos/podam/api/ClassAttributeApprover;)Luk/co/jemos/podam/api/ClassInfo;" line="64"><counter type="INSTRUCTION" missed="0" covered="8"/><counter type="LINE" missed="0" covered="1"/><counter type="COMPLEXITY" missed="0" covered="1"/><counter type="METHOD" missed="0" covered="1"/></method><method name="getClassInfo" desc="(Ljava/lang/Class;Ljava/util/Set;Ljava/util/Set;Luk/co/jemos/podam/api/ClassAttributeApprover;)Luk/co/jemos/podam/api/ClassInfo;" line="91"><counter type="INSTRUCTION" missed="0" covered="7"/><counter type="LINE" missed="0" covered="1"/><counter type="COMPLEXITY" missed="0" covered="1"/><counter type="METHOD" missed="0" covered="1"/></method><method name="getClassInfo" desc="(Ljava/lang/Class;Ljava/util/Set;Ljava/util/Set;Luk/co/jemos/podam/api/ClassAttributeApprover;Ljava/util/Collection;)Luk/co/jemos/podam/api/ClassInfo;" line="102"><counter type="INSTRUCTION" missed="3" covered="216"/><counter type="BRANCH" missed="1" covered="29"/><counter type="LINE" missed="2" covered="47"/><counter type="COMPLEXITY" missed="1" covered="15"/><counter type="METHOD" missed="0" covered="1"/></method><method name="containsAnyAnnotation" desc="(Ljava/lang/reflect/Field;Ljava/util/Set;)Z" line="192"><counter type="INSTRUCTION" missed="0" covered="19"/><counter type="BRANCH" missed="0" covered="4"/><counter type="LINE" missed="0" covered="5"/><counter type="COMPLEXITY" missed="0" covered="3"/><counter type="METHOD" missed="0" covered="1"/></method><method name="containsAnyAnnotation" desc="(Ljava/lang/reflect/Method;Ljava/util/Set;)Z" line="212"><counter type="INSTRUCTION" missed="0" covered="19"/><counter type="BRANCH" missed="0" covered="4"/><counter type="LINE" missed="0" covered="5"/><counter type="COMPLEXITY" missed="0" covered="3"/><counter type="METHOD" missed="0" covered="1"/></method><method name="fillPojoSets" desc="(Ljava/lang/Class;Ljava/util/Set;Ljava/util/Set;Ljava/util/Set;Ljava/util/Set;Ljava/util/Set;)V" line="246"><counter type="INSTRUCTION" missed="4" covered="108"/><counter type="BRANCH" missed="2" covered="24"/><counter type="LINE" missed="1" covered="19"/><counter type="COMPLEXITY" missed="2" covered="12"/><counter type="METHOD" missed="0" covered="1"/></method><method name="extractFieldNameFromSetterMethod" desc="(Ljava/lang/reflect/Method;)Ljava/lang/String;" line="303"><counter type="INSTRUCTION" missed="0" covered="30"/><counter type="BRANCH" missed="0" covered="2"/><counter type="LINE" missed="0" covered="5"/><counter type="COMPLEXITY" missed="0" covered="2"/><counter type="METHOD" missed="0" covered="1"/></method><method name="extractFieldNameFromGetterMethod" desc="(Ljava/lang/reflect/Method;)Ljava/lang/String;" line="330"><counter type="INSTRUCTION" missed="4" covered="43"/><counter type="BRANCH" missed="2" covered="4"/><counter type="LINE" missed="1" covered="8"/><counter type="COMPLEXITY" missed="2" covered="2"/><counter type="METHOD" missed="0" covered="1"/></method><method name="getField" desc="(Ljava/lang/Class;Ljava/lang/String;)Ljava/lang/reflect/Field;" line="360"><counter type="INSTRUCTION" missed="0" covered="25"/><counter type="BRANCH" missed="0" covered="4"/><counter type="LINE" missed="0" covered="11"/><counter type="COMPLEXITY" missed="0" covered="3"/><counter type="METHOD" missed="0" covered="1"/></method><method name="getFieldValue" desc="(Ljava/lang/Object;Ljava/lang/String;)Ljava/lang/Object;" line="394"><counter type="INSTRUCTION" missed="19" covered="28"/><counter type="BRANCH" missed="0" covered="2"/><counter type="LINE" missed="2" covered="10"/><counter type="COMPLEXITY" missed="0" covered="2"/><counter type="METHOD" missed="0" covered="1"/></method><method name="getFieldAnnotations" desc="(Ljava/lang/Class;Ljava/lang/String;)Ljava/util/List;" line="435"><counter type="INSTRUCTION" missed="0" covered="26"/><counter type="BRANCH" missed="0" covered="6"/><counter type="LINE" missed="0" covered="6"/><counter type="COMPLEXITY" missed="0" covered="4"/><counter type="METHOD" missed="0" covered="1"/></method><method name="getNiceCharacter" desc="()Ljava/lang/Character;" line="456"><counter type="INSTRUCTION" missed="0" covered="16"/><counter type="LINE" missed="0" covered="2"/><counter type="COMPLEXITY" missed="0" covered="1"/><counter type="METHOD" missed="0" covered="1"/></method><method name="getLongInRange" desc="(JJ)J" line="473"><counter type="INSTRUCTION" missed="0" covered="13"/><counter type="LINE" missed="0" covered="1"/><counter type="COMPLEXITY" missed="0" covered="1"/><counter type="METHOD" missed="0" covered="1"/></method><method name="primitiveToBoxedType" desc="(Ljava/lang/Class;)Ljava/lang/Class;" line="485"><counter type="INSTRUCTION" missed="4" covered="40"/><counter type="BRANCH" missed="2" covered="12"/><counter type="LINE" missed="2" covered="13"/><counter type="COMPLEXITY" missed="2" covered="6"/><counter type="METHOD" missed="0" covered="1"/></method><method name="&lt;clinit&gt;" desc="()V" line="34"><counter type="INSTRUCTION" missed="0" covered="259"/><counter type="LINE" missed="0" covered="2"/><counter type="COMPLEXITY" missed="0" covered="1"/><counter type="METHOD" missed="0" covered="1"/></method><counter type="INSTRUCTION" missed="40" covered="857"/><counter type="BRANCH" missed="7" covered="91"/><counter type="LINE" missed="10" covered="136"/><counter type="COMPLEXITY" missed="8" covered="57"/><counter type="METHOD" missed="1" covered="15"/><counter type="CLASS" missed="0" covered="1"/></class><class name="uk/co/jemos/podam/api/MapKeyOrElementsArguments"><method name="&lt;init&gt;" desc="()V" line="16"><counter type="INSTRUCTION" missed="0" covered="3"/><counter type="LINE" missed="0" covered="1"/><counter type="COMPLEXITY" missed="0" covered="1"/><counter type="METHOD" missed="0" covered="1"/></method><method name="getKeyOrValueType" desc="()Ljava/lang/Class;" line="37"><counter type="INSTRUCTION" missed="0" covered="3"/><counter type="LINE" missed="0" covered="1"/><counter type="COMPLEXITY" missed="0" covered="1"/><counter type="METHOD" missed="0" covered="1"/></method><method name="setKeyOrValueType" desc="(Ljava/lang/Class;)V" line="45"><counter type="INSTRUCTION" missed="0" covered="4"/><counter type="LINE" missed="0" covered="2"/><counter type="COMPLEXITY" missed="0" covered="1"/><counter type="METHOD" missed="0" covered="1"/></method><method name="getElementStrategy" desc="()Luk/co/jemos/podam/common/AttributeStrategy;" line="52"><counter type="INSTRUCTION" missed="0" covered="3"/><counter type="LINE" missed="0" covered="1"/><counter type="COMPLEXITY" missed="0" covered="1"/><counter type="METHOD" missed="0" covered="1"/></method><method name="setElementStrategy" desc="(Luk/co/jemos/podam/common/AttributeStrategy;)V" line="60"><counter type="INSTRUCTION" missed="0" covered="4"/><counter type="LINE" missed="0" covered="2"/><counter type="COMPLEXITY" missed="0" covered="1"/><counter type="METHOD" missed="0" covered="1"/></method><method name="getGenericTypeArgs" desc="()[Ljava/lang/reflect/Type;" line="67"><counter type="INSTRUCTION" missed="0" covered="3"/><counter type="LINE" missed="0" covered="1"/><counter type="COMPLEXITY" missed="0" covered="1"/><counter type="METHOD" missed="0" covered="1"/></method><method name="setGenericTypeArgs" desc="([Ljava/lang/reflect/Type;)V" line="75"><counter type="INSTRUCTION" missed="0" covered="6"/><counter type="LINE" missed="0" covered="2"/><counter type="COMPLEXITY" missed="0" covered="1"/><counter type="METHOD" missed="0" covered="1"/></method><method name="toString" desc="()Ljava/lang/String;" line="83"><counter type="INSTRUCTION" missed="48" covered="0"/><counter type="LINE" missed="11" covered="0"/><counter type="COMPLEXITY" missed="1" covered="0"/><counter type="METHOD" missed="1" covered="0"/></method><counter type="INSTRUCTION" missed="48" covered="26"/><counter type="LINE" missed="11" covered="10"/><counter type="COMPLEXITY" missed="1" covered="7"/><counter type="METHOD" missed="1" covered="7"/><counter type="CLASS" missed="0" covered="1"/></class><class name="uk/co/jemos/podam/api/AbstractRandomDataProviderStrategy"><method name="&lt;init&gt;" desc="()V" line="104"><counter type="INSTRUCTION" missed="0" covered="4"/><counter type="LINE" missed="0" covered="2"/><counter type="COMPLEXITY" missed="0" covered="1"/><counter type="METHOD" missed="0" covered="1"/></method><method name="&lt;init&gt;" desc="(I)V" line="65"><counter type="INSTRUCTION" missed="0" covered="27"/><counter type="LINE" missed="0" covered="8"/><counter type="COMPLEXITY" missed="0" covered="1"/><counter type="METHOD" missed="0" covered="1"/></method><method name="getBoolean" desc="(Luk/co/jemos/podam/api/AttributeMetadata;)Ljava/lang/Boolean;" line="120"><counter type="INSTRUCTION" missed="0" covered="5"/><counter type="LINE" missed="0" covered="2"/><counter type="COMPLEXITY" missed="0" covered="1"/><counter type="METHOD" missed="0" covered="1"/></method><method name="getByte" desc="(Luk/co/jemos/podam/api/AttributeMetadata;)Ljava/lang/Byte;" line="131"><counter type="INSTRUCTION" missed="0" covered="13"/><counter type="BRANCH" missed="0" covered="2"/><counter type="LINE" missed="0" covered="4"/><counter type="COMPLEXITY" missed="0" covered="2"/><counter type="METHOD" missed="0" covered="1"/></method><method name="getByteInRange" desc="(BBLuk/co/jemos/podam/api/AttributeMetadata;)Ljava/lang/Byte;" line="147"><counter type="INSTRUCTION" missed="0" covered="18"/><counter type="LINE" missed="0" covered="2"/><counter type="COMPLEXITY" missed="0" covered="1"/><counter type="METHOD" missed="0" covered="1"/></method><method name="getCharacter" desc="(Luk/co/jemos/podam/api/AttributeMetadata;)Ljava/lang/Character;" line="158"><counter type="INSTRUCTION" missed="0" covered="5"/><counter type="LINE" missed="0" covered="2"/><counter type="COMPLEXITY" missed="0" covered="1"/><counter type="METHOD" missed="0" covered="1"/></method><method name="getCharacterInRange" desc="(CCLuk/co/jemos/podam/api/AttributeMetadata;)Ljava/lang/Character;" line="171"><counter type="INSTRUCTION" missed="0" covered="18"/><counter type="LINE" missed="0" covered="2"/><counter type="COMPLEXITY" missed="0" covered="1"/><counter type="METHOD" missed="0" covered="1"/></method><method name="getDouble" desc="(Luk/co/jemos/podam/api/AttributeMetadata;)Ljava/lang/Double;" line="182"><counter type="INSTRUCTION" missed="0" covered="13"/><counter type="BRANCH" missed="1" covered="1"/><counter type="LINE" missed="0" covered="4"/><counter type="COMPLEXITY" missed="1" covered="1"/><counter type="METHOD" missed="0" covered="1"/></method><method name="getDoubleInRange" desc="(DDLuk/co/jemos/podam/api/AttributeMetadata;)Ljava/lang/Double;" line="198"><counter type="INSTRUCTION" missed="0" covered="27"/><counter type="BRANCH" missed="1" covered="3"/><counter type="LINE" missed="0" covered="6"/><counter type="COMPLEXITY" missed="1" covered="2"/><counter type="METHOD" missed="0" covered="1"/></method><method name="getFloat" desc="(Luk/co/jemos/podam/api/AttributeMetadata;)Ljava/lang/Float;" line="217"><counter type="INSTRUCTION" missed="0" covered="13"/><counter type="BRANCH" missed="1" covered="1"/><counter type="LINE" missed="0" covered="4"/><counter type="COMPLEXITY" missed="1" covered="1"/><counter type="METHOD" missed="0" covered="1"/></method><method name="getFloatInRange" desc="(FFLuk/co/jemos/podam/api/AttributeMetadata;)Ljava/lang/Float;" line="233"><counter type="INSTRUCTION" missed="0" covered="30"/><counter type="BRANCH" missed="1" covered="3"/><counter type="LINE" missed="0" covered="6"/><counter type="COMPLEXITY" missed="1" covered="2"/><counter type="METHOD" missed="0" covered="1"/></method><method name="getInteger" desc="(Luk/co/jemos/podam/api/AttributeMetadata;)Ljava/lang/Integer;" line="253"><counter type="INSTRUCTION" missed="0" covered="12"/><counter type="BRANCH" missed="1" covered="1"/><counter type="LINE" missed="0" covered="4"/><counter type="COMPLEXITY" missed="1" covered="1"/><counter type="METHOD" missed="0" covered="1"/></method><method name="getIntegerInRange" desc="(IILuk/co/jemos/podam/api/AttributeMetadata;)I" line="269"><counter type="INSTRUCTION" missed="0" covered="16"/><counter type="LINE" missed="0" covered="2"/><counter type="COMPLEXITY" missed="0" covered="1"/><counter type="METHOD" missed="0" covered="1"/></method><method name="getLong" desc="(Luk/co/jemos/podam/api/AttributeMetadata;)Ljava/lang/Long;" line="287"><counter type="INSTRUCTION" missed="0" covered="6"/><counter type="LINE" missed="0" covered="2"/><counter type="COMPLEXITY" missed="0" covered="1"/><counter type="METHOD" missed="0" covered="1"/></method><method name="getLongInRange" desc="(JJLuk/co/jemos/podam/api/AttributeMetadata;)Ljava/lang/Long;" line="299"><counter type="INSTRUCTION" missed="0" covered="8"/><counter type="LINE" missed="0" covered="2"/><counter type="COMPLEXITY" missed="0" covered="1"/><counter type="METHOD" missed="0" covered="1"/></method><method name="getShort" desc="(Luk/co/jemos/podam/api/AttributeMetadata;)Ljava/lang/Short;" line="310"><counter type="INSTRUCTION" missed="0" covered="13"/><counter type="BRANCH" missed="0" covered="2"/><counter type="LINE" missed="0" covered="4"/><counter type="COMPLEXITY" missed="0" covered="2"/><counter type="METHOD" missed="0" covered="1"/></method><method name="getShortInRange" desc="(SSLuk/co/jemos/podam/api/AttributeMetadata;)Ljava/lang/Short;" line="326"><counter type="INSTRUCTION" missed="0" covered="18"/><counter type="LINE" missed="0" covered="2"/><counter type="COMPLEXITY" missed="0" covered="1"/><counter type="METHOD" missed="0" covered="1"/></method><method name="getStringValue" desc="(Luk/co/jemos/podam/api/AttributeMetadata;)Ljava/lang/String;" line="337"><counter type="INSTRUCTION" missed="0" covered="8"/><counter type="LINE" missed="0" covered="2"/><counter type="COMPLEXITY" missed="0" covered="1"/><counter type="METHOD" missed="0" covered="1"/></method><method name="getStringOfLength" desc="(ILuk/co/jemos/podam/api/AttributeMetadata;)Ljava/lang/String;" line="350"><counter type="INSTRUCTION" missed="0" covered="21"/><counter type="BRANCH" missed="0" covered="2"/><counter type="LINE" missed="0" covered="5"/><counter type="COMPLEXITY" missed="0" covered="2"/><counter type="METHOD" missed="0" covered="1"/></method><method name="getNumberOfCollectionElements" desc="(Ljava/lang/Class;)I" line="368"><counter type="INSTRUCTION" missed="0" covered="3"/><counter type="LINE" missed="0" covered="1"/><counter type="COMPLEXITY" missed="0" covered="1"/><counter type="METHOD" missed="0" covered="1"/></method><method name="setDefaultNumberOfCollectionElements" desc="(I)V" line="376"><counter type="INSTRUCTION" missed="0" covered="4"/><counter type="LINE" missed="0" covered="2"/><counter type="COMPLEXITY" missed="0" covered="1"/><counter type="METHOD" missed="0" covered="1"/></method><method name="getMaxDepth" desc="(Ljava/lang/Class;)I" line="384"><counter type="INSTRUCTION" missed="0" covered="3"/><counter type="LINE" missed="0" covered="1"/><counter type="COMPLEXITY" missed="0" covered="1"/><counter type="METHOD" missed="0" covered="1"/></method><method name="setMaxDepth" desc="(I)V" line="394"><counter type="INSTRUCTION" missed="4" covered="0"/><counter type="LINE" missed="2" covered="0"/><counter type="COMPLEXITY" missed="1" covered="0"/><counter type="METHOD" missed="1" covered="0"/></method><method name="isMemoizationEnabled" desc="()Z" line="402"><counter type="INSTRUCTION" missed="0" covered="3"/><counter type="LINE" missed="0" covered="1"/><counter type="COMPLEXITY" missed="0" covered="1"/><counter type="METHOD" missed="0" covered="1"/></method><method name="setMemoization" desc="(Z)V" line="410"><counter type="INSTRUCTION" missed="0" covered="4"/><counter type="LINE" missed="0" covered="2"/><counter type="COMPLEXITY" missed="0" covered="1"/><counter type="METHOD" missed="0" covered="1"/></method><method name="getMemoizedObject" desc="(Luk/co/jemos/podam/api/AttributeMetadata;)Ljava/lang/Object;" line="419"><counter type="INSTRUCTION" missed="0" covered="52"/><counter type="BRANCH" missed="0" covered="16"/><counter type="LINE" missed="0" covered="10"/><counter type="COMPLEXITY" missed="0" covered="9"/><counter type="METHOD" missed="0" covered="1"/></method><method name="cacheMemoizedObject" desc="(Luk/co/jemos/podam/api/AttributeMetadata;Ljava/lang/Object;)V" line="446"><counter type="INSTRUCTION" missed="0" covered="30"/><counter type="BRANCH" missed="0" covered="4"/><counter type="LINE" missed="0" covered="7"/><counter type="COMPLEXITY" missed="0" covered="3"/><counter type="METHOD" missed="0" covered="1"/></method><method name="sort" desc="([Ljava/lang/reflect/Constructor;)V" line="466"><counter type="INSTRUCTION" missed="0" covered="5"/><counter type="LINE" missed="0" covered="2"/><counter type="COMPLEXITY" missed="0" covered="1"/><counter type="METHOD" missed="0" covered="1"/></method><method name="sort" desc="([Ljava/lang/reflect/Method;)V" line="479"><counter type="INSTRUCTION" missed="0" covered="4"/><counter type="LINE" missed="0" covered="2"/><counter type="COMPLEXITY" missed="0" covered="1"/><counter type="METHOD" missed="0" covered="1"/></method><method name="addSpecific" desc="(Ljava/lang/Class;Ljava/lang/Class;)Luk/co/jemos/podam/api/AbstractRandomDataProviderStrategy;" line="498"><counter type="INSTRUCTION" missed="0" covered="8"/><counter type="LINE" missed="0" covered="2"/><counter type="COMPLEXITY" missed="0" covered="1"/><counter type="METHOD" missed="0" covered="1"/></method><method name="removeSpecific" desc="(Ljava/lang/Class;)Luk/co/jemos/podam/api/AbstractRandomDataProviderStrategy;" line="513"><counter type="INSTRUCTION" missed="0" covered="7"/><counter type="LINE" missed="0" covered="2"/><counter type="COMPLEXITY" missed="0" covered="1"/><counter type="METHOD" missed="0" covered="1"/></method><method name="getSpecificClass" desc="(Ljava/lang/Class;)Ljava/lang/Class;" line="524"><counter type="INSTRUCTION" missed="0" covered="12"/><counter type="BRANCH" missed="0" covered="2"/><counter type="LINE" missed="0" covered="4"/><counter type="COMPLEXITY" missed="0" covered="2"/><counter type="METHOD" missed="0" covered="1"/></method><method name="addAttributeStrategy" desc="(Ljava/lang/Class;Ljava/lang/Class;)Luk/co/jemos/podam/api/AbstractRandomDataProviderStrategy;" line="547"><counter type="INSTRUCTION" missed="0" covered="8"/><counter type="LINE" missed="0" covered="2"/><counter type="COMPLEXITY" missed="0" covered="1"/><counter type="METHOD" missed="0" covered="1"/></method><method name="removeAttributeStrategy" desc="(Ljava/lang/Class;)Luk/co/jemos/podam/api/AbstractRandomDataProviderStrategy;" line="560"><counter type="INSTRUCTION" missed="0" covered="7"/><counter type="LINE" missed="0" covered="2"/><counter type="COMPLEXITY" missed="0" covered="1"/><counter type="METHOD" missed="0" covered="1"/></method><method name="getStrategyForAnnotation" desc="(Ljava/lang/Class;)Ljava/lang/Class;" line="570"><counter type="INSTRUCTION" missed="0" covered="6"/><counter type="LINE" missed="0" covered="1"/><counter type="COMPLEXITY" missed="0" covered="1"/><counter type="METHOD" missed="0" covered="1"/></method><method name="getConstructorComparator" desc="()Luk/co/jemos/podam/common/AbstractConstructorComparator;" line="578"><counter type="INSTRUCTION" missed="0" covered="3"/><counter type="LINE" missed="0" covered="1"/><counter type="COMPLEXITY" missed="0" covered="1"/><counter type="METHOD" missed="0" covered="1"/></method><method name="setConstructorComparator" desc="(Luk/co/jemos/podam/common/AbstractConstructorComparator;)V" line="588"><counter type="INSTRUCTION" missed="4" covered="0"/><counter type="LINE" missed="2" covered="0"/><counter type="COMPLEXITY" missed="1" covered="0"/><counter type="METHOD" missed="1" covered="0"/></method><method name="log" desc="(Luk/co/jemos/podam/api/AttributeMetadata;)V" line="594"><counter type="INSTRUCTION" missed="0" covered="14"/><counter type="BRANCH" missed="0" covered="2"/><counter type="LINE" missed="0" covered="2"/><counter type="COMPLEXITY" missed="0" covered="2"/><counter type="METHOD" missed="0" covered="1"/></method><method name="&lt;clinit&gt;" desc="()V" line="49"><counter type="INSTRUCTION" missed="0" covered="13"/><counter type="LINE" missed="0" covered="3"/><counter type="COMPLEXITY" missed="0" covered="1"/><counter type="METHOD" missed="0" covered="1"/></method><counter type="INSTRUCTION" missed="8" covered="461"/><counter type="BRANCH" missed="5" covered="39"/><counter type="LINE" missed="4" covered="112"/><counter type="COMPLEXITY" missed="7" covered="54"/><counter type="METHOD" missed="2" covered="37"/><counter type="CLASS" missed="0" covered="1"/></class><class name="uk/co/jemos/podam/api/AbstractMapArguments"><method name="&lt;init&gt;" desc="()V" line="13"><counter type="INSTRUCTION" missed="0" covered="3"/><counter type="LINE" missed="0" covered="1"/><counter type="COMPLEXITY" missed="0" covered="1"/><counter type="METHOD" missed="0" covered="1"/></method><method name="getAttributeName" desc="()Ljava/lang/String;" line="28"><counter type="INSTRUCTION" missed="0" covered="3"/><counter type="LINE" missed="0" covered="1"/><counter type="COMPLEXITY" missed="0" covered="1"/><counter type="METHOD" missed="0" covered="1"/></method><method name="setAttributeName" desc="(Ljava/lang/String;)V" line="36"><counter type="INSTRUCTION" missed="0" covered="4"/><counter type="LINE" missed="0" covered="2"/><counter type="COMPLEXITY" missed="0" covered="1"/><counter type="METHOD" missed="0" covered="1"/></method><method name="getMapToBeFilled" desc="()Ljava/util/Map;" line="43"><counter type="INSTRUCTION" missed="0" covered="3"/><counter type="LINE" missed="0" covered="1"/><counter type="COMPLEXITY" missed="0" covered="1"/><counter type="METHOD" missed="0" covered="1"/></method><method name="setMapToBeFilled" desc="(Ljava/util/Map;)V" line="52"><counter type="INSTRUCTION" missed="0" covered="4"/><counter type="LINE" missed="0" covered="2"/><counter type="COMPLEXITY" missed="0" covered="1"/><counter type="METHOD" missed="0" covered="1"/></method><method name="getPojos" desc="()Ljava/util/Map;" line="59"><counter type="INSTRUCTION" missed="0" covered="3"/><counter type="LINE" missed="0" covered="1"/><counter type="COMPLEXITY" missed="0" covered="1"/><counter type="METHOD" missed="0" covered="1"/></method><method name="setPojos" desc="(Ljava/util/Map;)V" line="67"><counter type="INSTRUCTION" missed="0" covered="4"/><counter type="LINE" missed="0" covered="2"/><counter type="COMPLEXITY" missed="0" covered="1"/><counter type="METHOD" missed="0" covered="1"/></method><method name="getAnnotations" desc="()Ljava/util/List;" line="74"><counter type="INSTRUCTION" missed="0" covered="3"/><counter type="LINE" missed="0" covered="1"/><counter type="COMPLEXITY" missed="0" covered="1"/><counter type="METHOD" missed="0" covered="1"/></method><method name="setAnnotations" desc="(Ljava/util/List;)V" line="82"><counter type="INSTRUCTION" missed="0" covered="4"/><counter type="LINE" missed="0" covered="2"/><counter type="COMPLEXITY" missed="0" covered="1"/><counter type="METHOD" missed="0" covered="1"/></method><method name="toString" desc="()Ljava/lang/String;" line="90"><counter type="INSTRUCTION" missed="39" covered="0"/><counter type="LINE" missed="9" covered="0"/><counter type="COMPLEXITY" missed="1" covered="0"/><counter type="METHOD" missed="1" covered="0"/></method><counter type="INSTRUCTION" missed="39" covered="31"/><counter type="LINE" missed="9" covered="13"/><counter type="COMPLEXITY" missed="1" covered="9"/><counter type="METHOD" missed="1" covered="9"/><counter type="CLASS" missed="0" covered="1"/></class><class name="uk/co/jemos/podam/api/PodamFactoryImpl"><method name="&lt;init&gt;" desc="()V" line="92"><counter type="INSTRUCTION" missed="0" covered="5"/><counter type="LINE" missed="0" covered="2"/><counter type="COMPLEXITY" missed="0" covered="1"/><counter type="METHOD" missed="0" covered="1"/></method><method name="&lt;init&gt;" desc="(Luk/co/jemos/podam/api/DataProviderStrategy;)V" line="104"><counter type="INSTRUCTION" missed="0" covered="5"/><counter type="LINE" missed="0" covered="2"/><counter type="COMPLEXITY" missed="0" covered="1"/><counter type="METHOD" missed="0" covered="1"/></method><method name="&lt;init&gt;" desc="(Luk/co/jemos/podam/api/PodamFactory;)V" line="115"><counter type="INSTRUCTION" missed="0" covered="5"/><counter type="LINE" missed="0" covered="2"/><counter type="COMPLEXITY" missed="0" covered="1"/><counter type="METHOD" missed="0" covered="1"/></method><method name="&lt;init&gt;" desc="(Luk/co/jemos/podam/api/PodamFactory;Luk/co/jemos/podam/api/DataProviderStrategy;)V" line="65"><counter type="INSTRUCTION" missed="0" covered="18"/><counter type="LINE" missed="0" covered="7"/><counter type="COMPLEXITY" missed="0" covered="1"/><counter type="METHOD" missed="0" covered="1"/></method><method name="manufacturePojoWithFullData" desc="(Ljava/lang/Class;[Ljava/lang/reflect/Type;)Ljava/lang/Object;" line="140"><counter type="INSTRUCTION" missed="0" covered="16"/><counter type="LINE" missed="0" covered="5"/><counter type="COMPLEXITY" missed="0" covered="1"/><counter type="METHOD" missed="0" covered="1"/></method><method name="manufacturePojo" desc="(Ljava/lang/Class;[Ljava/lang/reflect/Type;)Ljava/lang/Object;" line="153"><counter type="INSTRUCTION" missed="24" covered="34"/><counter type="LINE" missed="6" covered="7"/><counter type="COMPLEXITY" missed="0" covered="1"/><counter type="METHOD" missed="0" covered="1"/></method><method name="populatePojo" desc="(Ljava/lang/Object;[Ljava/lang/reflect/Type;)Ljava/lang/Object;" line="177"><counter type="INSTRUCTION" missed="32" covered="17"/><counter type="LINE" missed="8" covered="3"/><counter type="COMPLEXITY" missed="0" covered="1"/><counter type="METHOD" missed="0" covered="1"/></method><method name="getStrategy" desc="()Luk/co/jemos/podam/api/DataProviderStrategy;" line="199"><counter type="INSTRUCTION" missed="0" covered="3"/><counter type="LINE" missed="0" covered="1"/><counter type="COMPLEXITY" missed="0" covered="1"/><counter type="METHOD" missed="0" covered="1"/></method><method name="setStrategy" desc="(Luk/co/jemos/podam/api/DataProviderStrategy;)Luk/co/jemos/podam/api/PodamFactory;" line="207"><counter type="INSTRUCTION" missed="5" covered="0"/><counter type="LINE" missed="2" covered="0"/><counter type="COMPLEXITY" missed="1" covered="0"/><counter type="METHOD" missed="1" covered="0"/></method><method name="getClassStrategy" desc="()Luk/co/jemos/podam/api/ClassInfoStrategy;" line="216"><counter type="INSTRUCTION" missed="3" covered="0"/><counter type="LINE" missed="1" covered="0"/><counter type="COMPLEXITY" missed="1" covered="0"/><counter type="METHOD" missed="1" covered="0"/></method><method name="setClassStrategy" desc="(Luk/co/jemos/podam/api/ClassInfoStrategy;)Luk/co/jemos/podam/api/PodamFactory;" line="224"><counter type="INSTRUCTION" missed="0" covered="5"/><counter type="LINE" missed="0" covered="2"/><counter type="COMPLEXITY" missed="0" covered="1"/><counter type="METHOD" missed="0" covered="1"/></method><method name="getExternalFactory" desc="()Luk/co/jemos/podam/api/PodamFactory;" line="233"><counter type="INSTRUCTION" missed="3" covered="0"/><counter type="LINE" missed="1" covered="0"/><counter type="COMPLEXITY" missed="1" covered="0"/><counter type="METHOD" missed="1" covered="0"/></method><method name="setExternalFactory" desc="(Luk/co/jemos/podam/api/PodamFactory;)Luk/co/jemos/podam/api/PodamFactory;" line="241"><counter type="INSTRUCTION" missed="5" covered="0"/><counter type="LINE" missed="2" covered="0"/><counter type="COMPLEXITY" missed="1" covered="0"/><counter type="METHOD" missed="1" covered="0"/></method><method name="fillTypeArgMap" desc="(Ljava/util/Map;Ljava/lang/Class;[Ljava/lang/reflect/Type;)[Ljava/lang/reflect/Type;" line="268"><counter type="INSTRUCTION" missed="25" covered="113"/><counter type="BRANCH" missed="3" covered="17"/><counter type="LINE" missed="3" covered="25"/><counter type="COMPLEXITY" missed="3" covered="8"/><counter type="METHOD" missed="0" covered="1"/></method><method name="instantiatePojoWithoutConstructors" desc="(Ljava/lang/Class;Ljava/util/Map;[Ljava/lang/reflect/Type;)Ljava/lang/Object;" line="360"><counter type="INSTRUCTION" missed="1" covered="150"/><counter type="BRANCH" missed="1" covered="15"/><counter type="LINE" missed="0" covered="29"/><counter type="COMPLEXITY" missed="1" covered="8"/><counter type="METHOD" missed="0" covered="1"/></method><method name="resolveGenericParameter" desc="(Ljava/lang/reflect/Type;Ljava/util/Map;Ljava/util/concurrent/atomic/AtomicReference;)Ljava/lang/Class;" line="467"><counter type="INSTRUCTION" missed="0" covered="104"/><counter type="BRANCH" missed="4" covered="16"/><counter type="LINE" missed="0" covered="27"/><counter type="COMPLEXITY" missed="4" covered="7"/><counter type="METHOD" missed="0" covered="1"/></method><method name="getBooleanValueForAnnotation" desc="(Ljava/util/List;Luk/co/jemos/podam/api/AttributeMetadata;)Ljava/lang/Boolean;" line="519"><counter type="INSTRUCTION" missed="0" covered="35"/><counter type="BRANCH" missed="0" covered="6"/><counter type="LINE" missed="0" covered="10"/><counter type="COMPLEXITY" missed="0" covered="4"/><counter type="METHOD" missed="0" covered="1"/></method><method name="getByteValueWithinRange" desc="(Ljava/util/List;Luk/co/jemos/podam/api/AttributeMetadata;)Ljava/lang/Byte;" line="556"><counter type="INSTRUCTION" missed="3" covered="81"/><counter type="BRANCH" missed="3" covered="9"/><counter type="LINE" missed="2" covered="20"/><counter type="COMPLEXITY" missed="3" covered="4"/><counter type="METHOD" missed="0" covered="1"/></method><method name="getShortValueWithinRange" desc="(Ljava/util/List;Luk/co/jemos/podam/api/AttributeMetadata;)Ljava/lang/Short;" line="621"><counter type="INSTRUCTION" missed="3" covered="81"/><counter type="BRANCH" missed="3" covered="9"/><counter type="LINE" missed="2" covered="20"/><counter type="COMPLEXITY" missed="3" covered="4"/><counter type="METHOD" missed="0" covered="1"/></method><method name="getCharacterValueWithinRange" desc="(Ljava/util/List;Luk/co/jemos/podam/api/AttributeMetadata;)Ljava/lang/Character;" line="680"><counter type="INSTRUCTION" missed="3" covered="56"/><counter type="BRANCH" missed="2" covered="8"/><counter type="LINE" missed="2" covered="15"/><counter type="COMPLEXITY" missed="2" covered="4"/><counter type="METHOD" missed="0" covered="1"/></method><method name="getIntegerValueWithinRange" desc="(Ljava/util/List;Luk/co/jemos/podam/api/AttributeMetadata;)Ljava/lang/Integer;" line="739"><counter type="INSTRUCTION" missed="2" covered="83"/><counter type="BRANCH" missed="2" covered="10"/><counter type="LINE" missed="1" covered="21"/><counter type="COMPLEXITY" missed="2" covered="5"/><counter type="METHOD" missed="0" covered="1"/></method><method name="getFloatValueWithinRange" desc="(Ljava/util/List;Luk/co/jemos/podam/api/AttributeMetadata;)Ljava/lang/Float;" line="809"><counter type="INSTRUCTION" missed="2" covered="83"/><counter type="BRANCH" missed="2" covered="10"/><counter type="LINE" missed="1" covered="21"/><counter type="COMPLEXITY" missed="2" covered="5"/><counter type="METHOD" missed="0" covered="1"/></method><method name="getDoubleValueWithinRange" desc="(Ljava/util/List;Luk/co/jemos/podam/api/AttributeMetadata;)Ljava/lang/Double;" line="869"><counter type="INSTRUCTION" missed="0" covered="85"/><counter type="BRANCH" missed="1" covered="11"/><counter type="LINE" missed="0" covered="22"/><counter type="COMPLEXITY" missed="1" covered="6"/><counter type="METHOD" missed="0" covered="1"/></method><method name="getLongValueWithinRange" desc="(Ljava/util/List;Luk/co/jemos/podam/api/AttributeMetadata;)Ljava/lang/Long;" line="936"><counter type="INSTRUCTION" missed="2" covered="83"/><counter type="BRANCH" missed="2" covered="10"/><counter type="LINE" missed="1" covered="21"/><counter type="COMPLEXITY" missed="2" covered="5"/><counter type="METHOD" missed="0" covered="1"/></method><method name="resolveBoxedValue" desc="(Ljava/lang/Class;Ljava/util/List;Luk/co/jemos/podam/api/AttributeMetadata;)Ljava/lang/Object;" line="999"><counter type="INSTRUCTION" missed="12" covered="116"/><counter type="BRANCH" missed="1" covered="31"/><counter type="LINE" missed="1" covered="18"/><counter type="COMPLEXITY" missed="1" covered="16"/><counter type="METHOD" missed="0" covered="1"/></method><method name="instantiatePojo" desc="(Ljava/lang/Class;Ljava/util/Map;[Ljava/lang/reflect/Type;)Ljava/lang/Object;" line="1068"><counter type="INSTRUCTION" missed="17" covered="105"/><counter type="BRANCH" missed="3" covered="15"/><counter type="LINE" missed="3" covered="22"/><counter type="COMPLEXITY" missed="3" covered="7"/><counter type="METHOD" missed="0" covered="1"/></method><method name="manufacturePojoInternal" desc="(Ljava/lang/Class;Luk/co/jemos/podam/api/AttributeMetadata;Ljava/util/Map;[Ljava/lang/reflect/Type;)Ljava/lang/Object;" line="1169"><counter type="INSTRUCTION" missed="14" covered="131"/><counter type="BRANCH" missed="3" covered="17"/><counter type="LINE" missed="3" covered="29"/><counter type="COMPLEXITY" missed="3" covered="8"/><counter type="METHOD" missed="0" covered="1"/></method><method name="populatePojoInternal" desc="(Ljava/lang/Object;Ljava/util/Map;[Ljava/lang/reflect/Type;)Ljava/lang/Object;" line="1275"><counter type="INSTRUCTION" missed="9" covered="552"/><counter type="BRANCH" missed="4" covered="70"/><counter type="LINE" missed="2" covered="118"/><counter type="COMPLEXITY" missed="4" covered="34"/><counter type="METHOD" missed="0" covered="1"/></method><method name="manufactureParameterValue" desc="(Ljava/util/Map;Ljava/lang/Class;Ljava/lang/reflect/Type;Ljava/util/List;Ljava/util/Map;[Ljava/lang/reflect/Type;)Ljava/lang/Object;" line="1567"><counter type="INSTRUCTION" missed="0" covered="13"/><counter type="LINE" missed="0" covered="2"/><counter type="COMPLEXITY" missed="0" covered="1"/><counter type="METHOD" missed="0" covered="1"/></method><method name="manufactureAttributeValue" desc="(Ljava/lang/Object;Ljava/util/Map;Ljava/lang/Class;Ljava/lang/reflect/Type;Ljava/util/List;Ljava/lang/String;Ljava/util/Map;[Ljava/lang/reflect/Type;)Ljava/lang/Object;" line="1625"><counter type="INSTRUCTION" missed="27" covered="221"/><counter type="BRANCH" missed="6" covered="30"/><counter type="LINE" missed="2" covered="46"/><counter type="COMPLEXITY" missed="5" covered="14"/><counter type="METHOD" missed="0" covered="1"/></method><method name="findConstructorComparator" desc="()Luk/co/jemos/podam/common/ConstructorAdaptiveComparator;" line="1749"><counter type="INSTRUCTION" missed="10" covered="17"/><counter type="BRANCH" missed="2" covered="2"/><counter type="LINE" missed="2" covered="4"/><counter type="COMPLEXITY" missed="2" covered="1"/><counter type="METHOD" missed="0" covered="1"/></method><method name="resortToExternalFactory" desc="(Ljava/lang/String;Ljava/lang/Class;[Ljava/lang/reflect/Type;)Ljava/lang/Object;" line="1784"><counter type="INSTRUCTION" missed="0" covered="27"/><counter type="BRANCH" missed="0" covered="2"/><counter type="LINE" missed="0" covered="5"/><counter type="COMPLEXITY" missed="0" covered="2"/><counter type="METHOD" missed="0" covered="1"/></method><method name="mergeActualAndSuppliedGenericTypes" desc="([Ljava/lang/reflect/Type;[Ljava/lang/reflect/Type;Ljava/util/Map;)[Ljava/lang/reflect/Type;" line="1812"><counter type="INSTRUCTION" missed="0" covered="102"/><counter type="BRANCH" missed="1" covered="13"/><counter type="LINE" missed="0" covered="18"/><counter type="COMPLEXITY" missed="1" covered="7"/><counter type="METHOD" missed="0" covered="1"/></method><method name="resolveStringValue" desc="(Ljava/util/List;Luk/co/jemos/podam/api/AttributeMetadata;)Ljava/lang/String;" line="1864"><counter type="INSTRUCTION" missed="0" covered="60"/><counter type="BRANCH" missed="2" covered="12"/><counter type="LINE" missed="0" covered="14"/><counter type="COMPLEXITY" missed="2" covered="6"/><counter type="METHOD" missed="0" covered="1"/></method><method name="findAttributeStrategy" desc="(Ljava/util/List;Ljava/lang/Class;)Luk/co/jemos/podam/common/AttributeStrategy;" line="1924"><counter type="INSTRUCTION" missed="5" covered="100"/><counter type="BRANCH" missed="5" covered="19"/><counter type="LINE" missed="1" covered="25"/><counter type="COMPLEXITY" missed="5" covered="8"/><counter type="METHOD" missed="0" covered="1"/></method><method name="isWrapper" desc="(Ljava/lang/Class;)Z" line="1986"><counter type="INSTRUCTION" missed="0" covered="50"/><counter type="BRANCH" missed="0" covered="16"/><counter type="LINE" missed="0" covered="1"/><counter type="COMPLEXITY" missed="0" covered="9"/><counter type="METHOD" missed="0" covered="1"/></method><method name="resolveCollectionValueWhenCollectionIsPojoAttribute" desc="(Ljava/lang/Object;Ljava/util/Map;Ljava/lang/Class;Ljava/lang/String;Ljava/util/List;Ljava/util/Map;[Ljava/lang/reflect/Type;)Ljava/util/Collection;" line="2035"><counter type="INSTRUCTION" missed="42" covered="73"/><counter type="BRANCH" missed="2" covered="8"/><counter type="LINE" missed="12" covered="16"/><counter type="COMPLEXITY" missed="2" covered="4"/><counter type="METHOD" missed="0" covered="1"/></method><method name="fillCollection" desc="(Ljava/util/Collection;Ljava/util/Map;[Ljava/lang/reflect/Type;)V" line="2126"><counter type="INSTRUCTION" missed="0" covered="130"/><counter type="BRANCH" missed="2" covered="10"/><counter type="LINE" missed="0" covered="30"/><counter type="COMPLEXITY" missed="2" covered="5"/><counter type="METHOD" missed="0" covered="1"/></method><method name="fillCollection" desc="(Ljava/util/Map;Ljava/util/List;Ljava/lang/String;Ljava/util/Collection;Ljava/lang/Class;[Ljava/lang/reflect/Type;)V" line="2213"><counter type="INSTRUCTION" missed="0" covered="99"/><counter type="BRANCH" missed="0" covered="14"/><counter type="LINE" missed="0" covered="20"/><counter type="COMPLEXITY" missed="0" covered="8"/><counter type="METHOD" missed="0" covered="1"/></method><method name="resolveMapValueWhenMapIsPojoAttribute" desc="(Ljava/lang/Object;Ljava/util/Map;Ljava/lang/Class;Ljava/lang/String;Ljava/util/List;Ljava/util/Map;[Ljava/lang/reflect/Type;)Ljava/util/Map;" line="2292"><counter type="INSTRUCTION" missed="40" covered="119"/><counter type="BRANCH" missed="3" covered="9"/><counter type="LINE" missed="11" covered="30"/><counter type="COMPLEXITY" missed="3" covered="4"/><counter type="METHOD" missed="0" covered="1"/></method><method name="fillMap" desc="(Ljava/util/Map;Ljava/util/Map;[Ljava/lang/reflect/Type;)V" line="2398"><counter type="INSTRUCTION" missed="0" covered="169"/><counter type="BRANCH" missed="2" covered="10"/><counter type="LINE" missed="0" covered="39"/><counter type="COMPLEXITY" missed="2" covered="5"/><counter type="METHOD" missed="0" covered="1"/></method><method name="fillMap" desc="(Luk/co/jemos/podam/api/MapArguments;)V" line="2482"><counter type="INSTRUCTION" missed="2" covered="114"/><counter type="BRANCH" missed="1" covered="7"/><counter type="LINE" missed="1" covered="29"/><counter type="COMPLEXITY" missed="1" covered="4"/><counter type="METHOD" missed="0" covered="1"/></method><method name="getMapKeyOrElementValue" desc="(Luk/co/jemos/podam/api/MapKeyOrElementsArguments;)Ljava/lang/Object;" line="2564"><counter type="INSTRUCTION" missed="0" covered="78"/><counter type="BRANCH" missed="0" covered="10"/><counter type="LINE" missed="0" covered="10"/><counter type="COMPLEXITY" missed="0" covered="6"/><counter type="METHOD" missed="0" covered="1"/></method><method name="resolveArrayElementValue" desc="(Ljava/lang/Class;Ljava/lang/reflect/Type;Ljava/lang/String;Ljava/util/Map;Ljava/util/List;Ljava/lang/Object;Ljava/util/Map;)Ljava/lang/Object;" line="2638"><counter type="INSTRUCTION" missed="3" covered="140"/><counter type="BRANCH" missed="2" covered="18"/><counter type="LINE" missed="1" covered="32"/><counter type="COMPLEXITY" missed="2" covered="9"/><counter type="METHOD" missed="0" covered="1"/></method><method name="findCollectionSize" desc="(Ljava/util/List;Ljava/lang/Class;Ljavax/xml/ws/Holder;Ljavax/xml/ws/Holder;)Ljava/lang/Integer;" line="2736"><counter type="INSTRUCTION" missed="4" covered="90"/><counter type="BRANCH" missed="6" covered="18"/><counter type="LINE" missed="1" covered="24"/><counter type="COMPLEXITY" missed="6" covered="7"/><counter type="METHOD" missed="0" covered="1"/></method><method name="resolveCollectionType" desc="(Ljava/lang/Class;Ljava/util/Collection;)Ljava/util/Collection;" line="2801"><counter type="INSTRUCTION" missed="0" covered="60"/><counter type="BRANCH" missed="2" covered="16"/><counter type="LINE" missed="0" covered="14"/><counter type="COMPLEXITY" missed="2" covered="8"/><counter type="METHOD" missed="0" covered="1"/></method><method name="resolveMapType" desc="(Ljava/lang/Class;Ljava/util/Map;)Ljava/util/Map;" line="2857"><counter type="INSTRUCTION" missed="18" covered="32"/><counter type="BRANCH" missed="6" covered="8"/><counter type="LINE" missed="4" covered="8"/><counter type="COMPLEXITY" missed="4" covered="4"/><counter type="METHOD" missed="0" covered="1"/></method><method name="getParameterValuesForConstructor" desc="(Ljava/lang/reflect/Constructor;Ljava/lang/Class;Ljava/util/Map;[Ljava/lang/reflect/Type;)[Ljava/lang/Object;" line="2916"><counter type="INSTRUCTION" missed="4" covered="63"/><counter type="BRANCH" missed="2" covered="4"/><counter type="LINE" missed="0" covered="11"/><counter type="COMPLEXITY" missed="2" covered="2"/><counter type="METHOD" missed="0" covered="1"/></method><method name="manufactureParameterValue" desc="(Ljava/lang/Class;Ljava/lang/reflect/Type;Ljava/util/List;Ljava/util/Map;Ljava/util/Map;[Ljava/lang/reflect/Type;)Ljava/lang/Object;" line="2978"><counter type="INSTRUCTION" missed="0" covered="246"/><counter type="BRANCH" missed="0" covered="22"/><counter type="LINE" missed="0" covered="61"/><counter type="COMPLEXITY" missed="0" covered="12"/><counter type="METHOD" missed="0" covered="1"/></method><method name="mergeTypeArrays" desc="([Ljava/lang/reflect/Type;[Ljava/lang/reflect/Type;)[Ljava/lang/reflect/Type;" line="3114"><counter type="INSTRUCTION" missed="0" covered="29"/><counter type="BRANCH" missed="0" covered="2"/><counter type="LINE" missed="0" covered="6"/><counter type="COMPLEXITY" missed="0" covered="2"/><counter type="METHOD" missed="0" covered="1"/></method><method name="returnAttributeDataStrategyValue" desc="(Ljava/lang/Class;Luk/co/jemos/podam/common/AttributeStrategy;)Ljava/lang/Object;" line="3145"><counter type="INSTRUCTION" missed="0" covered="46"/><counter type="BRANCH" missed="0" covered="6"/><counter type="LINE" missed="0" covered="8"/><counter type="COMPLEXITY" missed="0" covered="4"/><counter type="METHOD" missed="0" covered="1"/></method><method name="&lt;clinit&gt;" desc="()V" line="47"><counter type="INSTRUCTION" missed="0" covered="15"/><counter type="LINE" missed="0" covered="4"/><counter type="COMPLEXITY" missed="0" covered="1"/><counter type="METHOD" missed="0" covered="1"/></method><counter type="INSTRUCTION" missed="320" covered="4059"/><counter type="BRANCH" missed="78" covered="510"/><counter type="LINE" missed="76" covered="906"/><counter type="COMPLEXITY" missed="79" covered="267"/><counter type="METHOD" missed="4" covered="48"/><counter type="CLASS" missed="0" covered="1"/></class><class name="uk/co/jemos/podam/api/AbstractExternalFactory"><method name="&lt;init&gt;" desc="()V" line="12"><counter type="INSTRUCTION" missed="0" covered="3"/><counter type="LINE" missed="0" covered="1"/><counter type="COMPLEXITY" missed="0" covered="1"/><counter type="METHOD" missed="0" covered="1"/></method><method name="manufacturePojoWithFullData" desc="(Ljava/lang/Class;[Ljava/lang/reflect/Type;)Ljava/lang/Object;" line="17"><counter type="INSTRUCTION" missed="0" covered="5"/><counter type="LINE" missed="0" covered="1"/><counter type="COMPLEXITY" missed="0" covered="1"/><counter type="METHOD" missed="0" covered="1"/></method><method name="getStrategy" desc="()Luk/co/jemos/podam/api/DataProviderStrategy;" line="22"><counter type="INSTRUCTION" missed="0" covered="2"/><counter type="LINE" missed="0" covered="1"/><counter type="COMPLEXITY" missed="0" covered="1"/><counter type="METHOD" missed="0" covered="1"/></method><method name="setStrategy" desc="(Luk/co/jemos/podam/api/DataProviderStrategy;)Luk/co/jemos/podam/api/PodamFactory;" line="27"><counter type="INSTRUCTION" missed="0" covered="2"/><counter type="LINE" missed="0" covered="1"/><counter type="COMPLEXITY" missed="0" covered="1"/><counter type="METHOD" missed="0" covered="1"/></method><method name="getClassStrategy" desc="()Luk/co/jemos/podam/api/ClassInfoStrategy;" line="32"><counter type="INSTRUCTION" missed="0" covered="2"/><counter type="LINE" missed="0" covered="1"/><counter type="COMPLEXITY" missed="0" covered="1"/><counter type="METHOD" missed="0" covered="1"/></method><method name="setClassStrategy" desc="(Luk/co/jemos/podam/api/ClassInfoStrategy;)Luk/co/jemos/podam/api/PodamFactory;" line="38"><counter type="INSTRUCTION" missed="0" covered="2"/><counter type="LINE" missed="0" covered="1"/><counter type="COMPLEXITY" missed="0" covered="1"/><counter type="METHOD" missed="0" covered="1"/></method><method name="getExternalFactory" desc="()Luk/co/jemos/podam/api/PodamFactory;" line="43"><counter type="INSTRUCTION" missed="0" covered="2"/><counter type="LINE" missed="0" covered="1"/><counter type="COMPLEXITY" missed="0" covered="1"/><counter type="METHOD" missed="0" covered="1"/></method><method name="setExternalFactory" desc="(Luk/co/jemos/podam/api/PodamFactory;)Luk/co/jemos/podam/api/PodamFactory;" line="48"><counter type="INSTRUCTION" missed="0" covered="2"/><counter type="LINE" missed="0" covered="1"/><counter type="COMPLEXITY" missed="0" covered="1"/><counter type="METHOD" missed="0" covered="1"/></method><counter type="INSTRUCTION" missed="0" covered="20"/><counter type="LINE" missed="0" covered="8"/><counter type="COMPLEXITY" missed="0" covered="8"/><counter type="METHOD" missed="0" covered="8"/><counter type="CLASS" missed="0" covered="1"/></class><sourcefile name="DefaultClassInfoStrategy.java"><line nr="25" mi="0" ci="5" mb="0" cb="0"/><line nr="35" mi="0" ci="2" mb="0" cb="0"/><line nr="36" mi="0" ci="1" mb="0" cb="0"/><line nr="46" mi="0" ci="2" mb="0" cb="0"/><line nr="61" mi="2" ci="0" mb="0" cb="0"/><counter type="INSTRUCTION" missed="2" covered="10"/><counter type="LINE" missed="1" covered="4"/><counter type="COMPLEXITY" missed="1" covered="3"/><counter type="METHOD" missed="1" covered="3"/><counter type="CLASS" missed="0" covered="1"/></sourcefile><sourcefile name="PodamFactoryImpl.java"><line nr="47" mi="0" ci="3" mb="0" cb="0"/><line nr="49" mi="0" ci="3" mb="0" cb="0"/><line nr="51" mi="0" ci="4" mb="0" cb="0"/><line nr="54" mi="0" ci="5" mb="0" cb="0"/><line nr="65" mi="0" ci="3" mb="0" cb="0"/><line nr="74" mi="0" ci="3" mb="0" cb="0"/><line nr="83" mi="0" ci="3" mb="0" cb="0"/><line nr="92" mi="0" ci="4" mb="0" cb="0"/><line nr="94" mi="0" ci="1" mb="0" cb="0"/><line nr="104" mi="0" ci="4" mb="0" cb="0"/><line nr="105" mi="0" ci="1" mb="0" cb="0"/><line nr="115" mi="0" ci="4" mb="0" cb="0"/><line nr="116" mi="0" ci="1" mb="0" cb="0"/><line nr="128" mi="0" ci="2" mb="0" cb="0"/><line nr="129" mi="0" ci="3" mb="0" cb="0"/><line nr="130" mi="0" ci="3" mb="0" cb="0"/><line nr="131" mi="0" ci="1" mb="0" cb="0"/><line nr="140" mi="0" ci="3" mb="0" cb="0"/><line nr="142" mi="0" ci="3" mb="0" cb="0"/><line nr="143" mi="0" ci="5" mb="0" cb="0"/><line nr="144" mi="0" ci="3" mb="0" cb="0"/><line nr="145" mi="0" ci="2" mb="0" cb="0"/><line nr="153" mi="0" ci="4" mb="0" cb="0"/><line nr="154" mi="0" ci="6" mb="0" cb="0"/><line nr="156" mi="0" ci="2" mb="0" cb="0"/><line nr="157" mi="0" ci="7" mb="0" cb="0"/><line nr="159" mi="0" ci="7" mb="0" cb="0"/><line nr="161" mi="1" ci="0" mb="0" cb="0"/><line nr="162" mi="7" ci="0" mb="0" cb="0"/><line nr="163" mi="1" ci="0" mb="0" cb="0"/><line nr="164" mi="7" ci="0" mb="0" cb="0"/><line nr="165" mi="0" ci="1" mb="0" cb="0"/><line nr="166" mi="0" ci="7" mb="0" cb="0"/><line nr="167" mi="1" ci="0" mb="0" cb="0"/><line nr="168" mi="7" ci="0" mb="0" cb="0"/><line nr="177" mi="0" ci="4" mb="0" cb="0"/><line nr="178" mi="0" ci="7" mb="0" cb="0"/><line nr="180" mi="0" ci="6" mb="0" cb="0"/><line nr="181" mi="1" ci="0" mb="0" cb="0"/><line nr="182" mi="7" ci="0" mb="0" cb="0"/><line nr="183" mi="1" ci="0" mb="0" cb="0"/><line nr="184" mi="7" ci="0" mb="0" cb="0"/><line nr="185" mi="1" ci="0" mb="0" cb="0"/><line nr="186" mi="7" ci="0" mb="0" cb="0"/><line nr="187" mi="1" ci="0" mb="0" cb="0"/><line nr="188" mi="7" ci="0" mb="0" cb="0"/><line nr="199" mi="0" ci="3" mb="0" cb="0"/><line nr="207" mi="3" ci="0" mb="0" cb="0"/><line nr="208" mi="2" ci="0" mb="0" cb="0"/><line nr="216" mi="3" ci="0" mb="0" cb="0"/><line nr="224" mi="0" ci="3" mb="0" cb="0"/><line nr="225" mi="0" ci="2" mb="0" cb="0"/><line nr="233" mi="3" ci="0" mb="0" cb="0"/><line nr="241" mi="3" ci="0" mb="0" cb="0"/><line nr="242" mi="2" ci="0" mb="0" cb="0"/><line nr="268" mi="0" ci="3" mb="0" cb="0"/><line nr="269" mi="0" ci="6" mb="0" cb="0"/><line nr="270" mi="0" ci="3" mb="0" cb="0"/><line nr="272" mi="0" ci="3" mb="0" cb="2"/><line nr="273" mi="0" ci="7" mb="1" cb="1"/><line nr="274" mi="3" ci="0" mb="0" cb="0"/><line nr="278" mi="0" ci="5" mb="1" cb="1"/><line nr="279" mi="17" ci="0" mb="0" cb="0"/><line nr="283" mi="5" ci="0" mb="0" cb="0"/><line nr="287" mi="0" ci="8" mb="0" cb="2"/><line nr="288" mi="0" ci="11" mb="0" cb="0"/><line nr="291" mi="0" ci="5" mb="0" cb="2"/><line nr="292" mi="0" ci="8" mb="0" cb="0"/><line nr="295" mi="0" ci="2" mb="0" cb="0"/><line nr="299" mi="0" ci="2" mb="0" cb="0"/><line nr="300" mi="0" ci="2" mb="0" cb="2"/><line nr="301" mi="0" ci="3" mb="0" cb="0"/><line nr="302" mi="0" ci="3" mb="0" cb="0"/><line nr="303" mi="0" ci="3" mb="0" cb="2"/><line nr="304" mi="0" ci="3" mb="0" cb="0"/><line nr="305" mi="0" ci="3" mb="0" cb="0"/><line nr="306" mi="0" ci="3" mb="0" cb="0"/><line nr="307" mi="0" ci="2" mb="0" cb="0"/><line nr="308" mi="0" ci="10" mb="1" cb="3"/><line nr="309" mi="0" ci="5" mb="0" cb="2"/><line nr="310" mi="0" ci="10" mb="0" cb="0"/><line nr="315" mi="0" ci="1" mb="0" cb="0"/><line nr="317" mi="0" ci="2" mb="0" cb="0"/><line nr="360" mi="0" ci="2" mb="0" cb="0"/><line nr="362" mi="0" ci="4" mb="0" cb="0"/><line nr="363" mi="0" ci="6" mb="0" cb="0"/><line nr="370" mi="0" ci="3" mb="0" cb="0"/><line nr="371" mi="0" ci="4" mb="0" cb="0"/><line nr="377" mi="0" ci="2" mb="0" cb="0"/><line nr="378" mi="0" ci="3" mb="0" cb="0"/><line nr="380" mi="0" ci="16" mb="0" cb="2"/><line nr="382" mi="0" ci="11" mb="0" cb="6"/><line nr="385" mi="0" ci="1" mb="0" cb="0"/><line nr="388" mi="0" ci="5" mb="0" cb="0"/><line nr="391" mi="0" ci="3" mb="0" cb="0"/><line nr="393" mi="0" ci="3" mb="0" cb="2"/><line nr="395" mi="0" ci="3" mb="0" cb="0"/><line nr="401" mi="0" ci="3" mb="0" cb="0"/><line nr="404" mi="0" ci="2" mb="0" cb="0"/><line nr="406" mi="0" ci="16" mb="0" cb="2"/><line nr="408" mi="0" ci="5" mb="0" cb="0"/><line nr="410" mi="0" ci="5" mb="0" cb="0"/><line nr="412" mi="1" ci="14" mb="1" cb="1"/><line nr="416" mi="0" ci="1" mb="0" cb="0"/><line nr="424" mi="0" ci="5" mb="0" cb="0"/><line nr="426" mi="0" ci="10" mb="0" cb="0"/><line nr="429" mi="0" ci="1" mb="0" cb="0"/><line nr="431" mi="0" ci="13" mb="0" cb="0"/><line nr="436" mi="0" ci="1" mb="0" cb="0"/><line nr="440" mi="0" ci="2" mb="0" cb="2"/><line nr="441" mi="0" ci="4" mb="0" cb="0"/><line nr="446" mi="0" ci="2" mb="0" cb="0"/><line nr="467" mi="0" ci="2" mb="0" cb="0"/><line nr="468" mi="0" ci="3" mb="0" cb="0"/><line nr="469" mi="0" ci="3" mb="0" cb="2"/><line nr="470" mi="0" ci="3" mb="0" cb="0"/><line nr="471" mi="0" ci="6" mb="0" cb="0"/><line nr="472" mi="0" ci="2" mb="0" cb="2"/><line nr="473" mi="0" ci="6" mb="0" cb="0"/><line nr="476" mi="0" ci="4" mb="0" cb="2"/><line nr="477" mi="0" ci="3" mb="0" cb="0"/><line nr="478" mi="0" ci="4" mb="0" cb="0"/><line nr="479" mi="0" ci="4" mb="0" cb="0"/><line nr="480" mi="0" ci="4" mb="0" cb="2"/><line nr="481" mi="0" ci="3" mb="0" cb="0"/><line nr="482" mi="0" ci="3" mb="0" cb="0"/><line nr="484" mi="0" ci="5" mb="1" cb="3"/><line nr="485" mi="0" ci="3" mb="0" cb="0"/><line nr="487" mi="0" ci="3" mb="0" cb="0"/><line nr="488" mi="0" ci="2" mb="0" cb="0"/><line nr="490" mi="0" ci="5" mb="2" cb="2"/><line nr="491" mi="0" ci="11" mb="0" cb="0"/><line nr="492" mi="0" ci="8" mb="0" cb="0"/><line nr="495" mi="0" ci="4" mb="1" cb="1"/><line nr="496" mi="0" ci="3" mb="0" cb="0"/><line nr="499" mi="0" ci="2" mb="0" cb="2"/><line nr="500" mi="0" ci="4" mb="0" cb="0"/><line nr="502" mi="0" ci="2" mb="0" cb="0"/><line nr="504" mi="0" ci="2" mb="0" cb="0"/><line nr="519" mi="0" ci="2" mb="0" cb="0"/><line nr="521" mi="0" ci="10" mb="0" cb="2"/><line nr="523" mi="0" ci="5" mb="0" cb="2"/><line nr="524" mi="0" ci="3" mb="0" cb="0"/><line nr="525" mi="0" ci="4" mb="0" cb="0"/><line nr="527" mi="0" ci="1" mb="0" cb="0"/><line nr="529" mi="0" ci="1" mb="0" cb="0"/><line nr="531" mi="0" ci="2" mb="0" cb="2"/><line nr="532" mi="0" ci="5" mb="0" cb="0"/><line nr="535" mi="0" ci="2" mb="0" cb="0"/><line nr="556" mi="0" ci="2" mb="0" cb="0"/><line nr="558" mi="0" ci="10" mb="0" cb="2"/><line nr="560" mi="0" ci="5" mb="1" cb="1"/><line nr="561" mi="0" ci="3" mb="0" cb="0"/><line nr="563" mi="0" ci="3" mb="0" cb="0"/><line nr="564" mi="0" ci="7" mb="1" cb="3"/><line nr="567" mi="0" ci="3" mb="0" cb="0"/><line nr="569" mi="0" ci="1" mb="0" cb="0"/><line nr="570" mi="0" ci="11" mb="0" cb="0"/><line nr="573" mi="0" ci="3" mb="0" cb="0"/><line nr="574" mi="0" ci="6" mb="0" cb="0"/><line nr="575" mi="0" ci="1" mb="0" cb="0"/><line nr="577" mi="0" ci="3" mb="0" cb="0"/><line nr="578" mi="0" ci="3" mb="0" cb="0"/><line nr="581" mi="0" ci="3" mb="1" cb="1"/><line nr="582" mi="2" ci="0" mb="0" cb="0"/><line nr="585" mi="0" ci="7" mb="0" cb="0"/><line nr="589" mi="0" ci="1" mb="0" cb="0"/><line nr="592" mi="1" ci="0" mb="0" cb="0"/><line nr="594" mi="0" ci="2" mb="0" cb="2"/><line nr="595" mi="0" ci="5" mb="0" cb="0"/><line nr="598" mi="0" ci="2" mb="0" cb="0"/><line nr="621" mi="0" ci="2" mb="0" cb="0"/><line nr="623" mi="0" ci="10" mb="0" cb="2"/><line nr="625" mi="0" ci="5" mb="1" cb="1"/><line nr="626" mi="0" ci="3" mb="0" cb="0"/><line nr="628" mi="0" ci="3" mb="0" cb="0"/><line nr="629" mi="0" ci="7" mb="1" cb="3"/><line nr="631" mi="0" ci="3" mb="0" cb="0"/><line nr="632" mi="0" ci="1" mb="0" cb="0"/><line nr="633" mi="0" ci="11" mb="0" cb="0"/><line nr="636" mi="0" ci="3" mb="0" cb="0"/><line nr="637" mi="0" ci="6" mb="0" cb="0"/><line nr="638" mi="0" ci="1" mb="0" cb="0"/><line nr="641" mi="0" ci="3" mb="0" cb="0"/><line nr="642" mi="0" ci="3" mb="0" cb="0"/><line nr="645" mi="0" ci="3" mb="1" cb="1"/><line nr="646" mi="2" ci="0" mb="0" cb="0"/><line nr="649" mi="0" ci="7" mb="0" cb="0"/><line nr="654" mi="0" ci="1" mb="0" cb="0"/><line nr="657" mi="1" ci="0" mb="0" cb="0"/><line nr="659" mi="0" ci="2" mb="0" cb="2"/><line nr="660" mi="0" ci="5" mb="0" cb="0"/><line nr="663" mi="0" ci="2" mb="0" cb="0"/><line nr="680" mi="0" ci="2" mb="0" cb="0"/><line nr="682" mi="0" ci="10" mb="0" cb="2"/><line nr="684" mi="0" ci="5" mb="1" cb="1"/><line nr="685" mi="0" ci="3" mb="0" cb="0"/><line nr="687" mi="0" ci="3" mb="0" cb="0"/><line nr="688" mi="0" ci="3" mb="0" cb="2"/><line nr="689" mi="0" ci="4" mb="0" cb="0"/><line nr="693" mi="0" ci="3" mb="0" cb="0"/><line nr="694" mi="0" ci="3" mb="0" cb="0"/><line nr="697" mi="0" ci="3" mb="1" cb="1"/><line nr="698" mi="2" ci="0" mb="0" cb="0"/><line nr="701" mi="0" ci="7" mb="0" cb="0"/><line nr="706" mi="0" ci="1" mb="0" cb="0"/><line nr="709" mi="1" ci="0" mb="0" cb="0"/><line nr="711" mi="0" ci="2" mb="0" cb="2"/><line nr="712" mi="0" ci="5" mb="0" cb="0"/><line nr="715" mi="0" ci="2" mb="0" cb="0"/><line nr="739" mi="0" ci="2" mb="0" cb="0"/><line nr="741" mi="0" ci="10" mb="0" cb="2"/><line nr="743" mi="0" ci="5" mb="0" cb="2"/><line nr="744" mi="0" ci="3" mb="0" cb="0"/><line nr="746" mi="0" ci="3" mb="0" cb="0"/><line nr="747" mi="0" ci="7" mb="1" cb="3"/><line nr="749" mi="0" ci="3" mb="0" cb="0"/><line nr="750" mi="0" ci="1" mb="0" cb="0"/><line nr="751" mi="0" ci="11" mb="0" cb="0"/><line nr="754" mi="0" ci="3" mb="0" cb="0"/><line nr="755" mi="0" ci="6" mb="0" cb="0"/><line nr="757" mi="0" ci="1" mb="0" cb="0"/><line nr="761" mi="0" ci="3" mb="0" cb="0"/><line nr="762" mi="0" ci="3" mb="0" cb="0"/><line nr="765" mi="0" ci="3" mb="1" cb="1"/><line nr="766" mi="2" ci="0" mb="0" cb="0"/><line nr="769" mi="0" ci="8" mb="0" cb="0"/><line nr="774" mi="0" ci="1" mb="0" cb="0"/><line nr="778" mi="0" ci="1" mb="0" cb="0"/><line nr="780" mi="0" ci="2" mb="0" cb="2"/><line nr="781" mi="0" ci="5" mb="0" cb="0"/><line nr="784" mi="0" ci="2" mb="0" cb="0"/><line nr="809" mi="0" ci="2" mb="0" cb="0"/><line nr="811" mi="0" ci="10" mb="0" cb="2"/><line nr="813" mi="0" ci="5" mb="0" cb="2"/><line nr="814" mi="0" ci="3" mb="0" cb="0"/><line nr="816" mi="0" ci="3" mb="0" cb="0"/><line nr="817" mi="0" ci="7" mb="1" cb="3"/><line nr="819" mi="0" ci="3" mb="0" cb="0"/><line nr="820" mi="0" ci="1" mb="0" cb="0"/><line nr="821" mi="0" ci="11" mb="0" cb="0"/><line nr="824" mi="0" ci="3" mb="0" cb="0"/><line nr="825" mi="0" ci="6" mb="0" cb="0"/><line nr="826" mi="0" ci="1" mb="0" cb="0"/><line nr="829" mi="0" ci="3" mb="0" cb="0"/><line nr="830" mi="0" 
[...]
"20"><counter type="INSTRUCTION" missed="0" covered="3"/><counter type="LINE" missed="0" covered="1"/><counter type="COMPLEXITY" missed="0" covered="1"/><counter type="METHOD" missed="0" covered="1"/></method><method name="constructorComplexity" desc="(Ljava/lang/reflect/Constructor;)I" line="24"><counter type="INSTRUCTION" missed="0" covered="37"/><counter type="BRANCH" missed="0" covered="10"/><counter type="LINE" missed="0" covered="5"/><counter type="COMPLEXITY" missed="0" covered="6"/><counter type="METHOD" missed="0" covered="1"/></method><method name="compareAnnotations" desc="(Ljava/lang/reflect/Constructor;Ljava/lang/reflect/Constructor;)I" line="38"><counter type="INSTRUCTION" missed="0" covered="30"/><counter type="BRANCH" missed="2" covered="10"/><counter type="LINE" missed="0" covered="7"/><counter type="COMPLEXITY" missed="2" covered="5"/><counter type="METHOD" missed="0" covered="1"/></method><counter type="INSTRUCTION" missed="0" covered="70"/><counter type="BRANCH" missed="2" covered="20"/><counter type="LINE" missed="0" covered="13"/><counter type="COMPLEXITY" missed="2" covered="12"/><counter type="METHOD" missed="0" covered="3"/><counter type="CLASS" missed="0" covered="1"/></class><class name="uk/co/jemos/podam/common/ConstructorLightFirstComparator"><method name="&lt;init&gt;" desc="()V" line="23"><counter type="INSTRUCTION" missed="0" covered="3"/><counter type="LINE" missed="0" covered="2"/><counter type="COMPLEXITY" missed="0" covered="1"/><counter type="METHOD" missed="0" covered="1"/></method><method name="compare" desc="(Ljava/lang/reflect/Constructor;Ljava/lang/reflect/Constructor;)I" line="29"><counter type="INSTRUCTION" missed="0" covered="29"/><counter type="BRANCH" missed="0" covered="4"/><counter type="LINE" missed="0" covered="7"/><counter type="COMPLEXITY" missed="0" covered="3"/><counter type="METHOD" missed="0" covered="1"/></method><method name="&lt;clinit&gt;" desc="()V" line="20"><counter type="INSTRUCTION" missed="0" covered="5"/><counter type="LINE" missed="0" covered="1"/><counter type="COMPLEXITY" missed="0" covered="1"/><counter type="METHOD" missed="0" covered="1"/></method><counter type="INSTRUCTION" missed="0" covered="37"/><counter type="BRANCH" missed="0" covered="4"/><counter type="LINE" missed="0" covered="10"/><counter type="COMPLEXITY" missed="0" covered="5"/><counter type="METHOD" missed="0" covered="3"/><counter type="CLASS" missed="0" covered="1"/></class><class name="uk/co/jemos/podam/common/BeanValidationStrategy"><method name="&lt;init&gt;" desc="(Ljava/util/List;Ljava/lang/Class;)V" line="55"><counter type="INSTRUCTION" missed="0" covered="9"/><counter type="LINE" missed="0" covered="4"/><counter type="COMPLEXITY" missed="0" covered="1"/><counter type="METHOD" missed="0" covered="1"/></method><method name="getValue" desc="()Ljava/lang/Object;" line="72"><counter type="INSTRUCTION" missed="0" covered="301"/><counter type="BRANCH" missed="0" covered="32"/><counter type="LINE" missed="0" covered="64"/><counter type="COMPLEXITY" missed="0" covered="17"/><counter type="METHOD" missed="0" covered="1"/></method><method name="findTypeFromList" desc="(Ljava/util/List;Ljava/lang/Class;)Ljava/lang/Object;" line="198"><counter type="INSTRUCTION" missed="0" covered="19"/><counter type="BRANCH" missed="0" covered="4"/><counter type="LINE" missed="0" covered="5"/><counter type="COMPLEXITY" missed="0" covered="3"/><counter type="METHOD" missed="0" covered="1"/></method><method name="getValueInRange" desc="(Ljava/math/BigDecimal;Ljava/math/BigDecimal;)Ljava/math/BigDecimal;" line="218"><counter type="INSTRUCTION" missed="0" covered="14"/><counter type="LINE" missed="0" covered="2"/><counter type="COMPLEXITY" missed="0" covered="1"/><counter type="METHOD" missed="0" covered="1"/></method><method name="decimalToReturnType" desc="(Ljava/math/BigDecimal;)Ljava/lang/Object;" line="233"><counter type="INSTRUCTION" missed="7" covered="107"/><counter type="BRANCH" missed="1" covered="29"/><counter type="LINE" missed="2" covered="18"/><counter type="COMPLEXITY" missed="1" covered="15"/><counter type="METHOD" missed="0" covered="1"/></method><method name="timestampToReturnType" desc="(Ljava/lang/Long;)Ljava/lang/Object;" line="294"><counter type="INSTRUCTION" missed="7" covered="24"/><counter type="BRANCH" missed="1" covered="3"/><counter type="LINE" missed="2" covered="6"/><counter type="COMPLEXITY" missed="1" covered="2"/><counter type="METHOD" missed="0" covered="1"/></method><method name="&lt;clinit&gt;" desc="()V" line="33"><counter type="INSTRUCTION" missed="0" covered="9"/><counter type="LINE" missed="0" covered="2"/><counter type="COMPLEXITY" missed="0" covered="1"/><counter type="METHOD" missed="0" covered="1"/></method><counter type="INSTRUCTION" missed="14" covered="483"/><counter type="BRANCH" missed="2" covered="68"/><counter type="LINE" missed="4" covered="101"/><counter type="COMPLEXITY" missed="2" covered="40"/><counter type="METHOD" missed="0" covered="7"/><counter type="CLASS" missed="0" covered="1"/></class><class name="uk/co/jemos/podam/common/ConstructorHeavyFirstComparator"><method name="&lt;init&gt;" desc="()V" line="23"><counter type="INSTRUCTION" missed="0" covered="3"/><counter type="LINE" missed="0" covered="2"/><counter type="COMPLEXITY" missed="0" covered="1"/><counter type="METHOD" missed="0" covered="1"/></method><method name="compare" desc="(Ljava/lang/reflect/Constructor;Ljava/lang/reflect/Constructor;)I" line="29"><counter type="INSTRUCTION" missed="0" covered="30"/><counter type="BRANCH" missed="0" covered="4"/><counter type="LINE" missed="0" covered="7"/><counter type="COMPLEXITY" missed="0" covered="3"/><counter type="METHOD" missed="0" covered="1"/></method><method name="&lt;clinit&gt;" desc="()V" line="20"><counter type="INSTRUCTION" missed="0" covered="5"/><counter type="LINE" missed="0" covered="1"/><counter type="COMPLEXITY" missed="0" covered="1"/><counter type="METHOD" missed="0" covered="1"/></method><counter type="INSTRUCTION" missed="0" covered="38"/><counter type="BRANCH" missed="0" covered="4"/><counter type="LINE" missed="0" covered="10"/><counter type="COMPLEXITY" missed="0" covered="5"/><counter type="METHOD" missed="0" covered="3"/><counter type="CLASS" missed="0" covered="1"/></class><class name="uk/co/jemos/podam/common/MethodComparator"><method name="&lt;init&gt;" desc="()V" line="20"><counter type="INSTRUCTION" missed="0" covered="3"/><counter type="LINE" missed="0" covered="1"/><counter type="COMPLEXITY" missed="0" covered="1"/><counter type="METHOD" missed="0" covered="1"/></method><method name="methodComplexity" desc="(Ljava/lang/reflect/Method;)I" line="24"><counter type="INSTRUCTION" missed="0" covered="37"/><counter type="BRANCH" missed="1" covered="9"/><counter type="LINE" missed="0" covered="5"/><counter type="COMPLEXITY" missed="1" covered="5"/><counter type="METHOD" missed="0" covered="1"/></method><method name="compare" desc="(Ljava/lang/reflect/Method;Ljava/lang/reflect/Method;)I" line="38"><counter type="INSTRUCTION" missed="0" covered="48"/><counter type="BRANCH" missed="0" covered="14"/><counter type="LINE" missed="0" covered="10"/><counter type="COMPLEXITY" missed="0" covered="8"/><counter type="METHOD" missed="0" covered="1"/></method><counter type="INSTRUCTION" missed="0" covered="88"/><counter type="BRANCH" missed="1" covered="23"/><counter type="LINE" missed="0" covered="16"/><counter type="COMPLEXITY" missed="1" covered="14"/><counter type="METHOD" missed="0" covered="3"/><counter type="CLASS" missed="0" covered="1"/></class><class name="uk/co/jemos/podam/common/ConstructorAdaptiveComparator"><method name="&lt;init&gt;" desc="()V" line="25"><counter type="INSTRUCTION" missed="0" covered="8"/><counter type="LINE" missed="0" covered="3"/><counter type="COMPLEXITY" missed="0" covered="1"/><counter type="METHOD" missed="0" covered="1"/></method><method name="compare" desc="(Ljava/lang/reflect/Constructor;Ljava/lang/reflect/Constructor;)I" line="33"><counter type="INSTRUCTION" missed="0" covered="16"/><counter type="BRANCH" missed="0" covered="2"/><counter type="LINE" missed="0" covered="3"/><counter type="COMPLEXITY" missed="0" covered="2"/><counter type="METHOD" missed="0" covered="1"/></method><method name="addHeavyClass" desc="(Ljava/lang/Class;)V" line="47"><counter type="INSTRUCTION" missed="0" covered="6"/><counter type="LINE" missed="0" covered="2"/><counter type="COMPLEXITY" missed="0" covered="1"/><counter type="METHOD" missed="0" covered="1"/></method><method name="isHeavyClass" desc="(Ljava/lang/Class;)Z" line="58"><counter type="INSTRUCTION" missed="0" covered="5"/><counter type="LINE" missed="0" covered="1"/><counter type="COMPLEXITY" missed="0" covered="1"/><counter type="METHOD" missed="0" covered="1"/></method><method name="removeHeavyClass" desc="(Ljava/lang/Class;)V" line="68"><counter type="INSTRUCTION" missed="0" covered="6"/><counter type="LINE" missed="0" covered="2"/><counter type="COMPLEXITY" missed="0" covered="1"/><counter type="METHOD" missed="0" covered="1"/></method><method name="&lt;clinit&gt;" desc="()V" line="22"><counter type="INSTRUCTION" missed="0" covered="5"/><counter type="LINE" missed="0" covered="1"/><counter type="COMPLEXITY" missed="0" covered="1"/><counter type="METHOD" missed="0" covered="1"/></method><counter type="INSTRUCTION" missed="0" covered="46"/><counter type="BRANCH" missed="0" covered="2"/><counter type="LINE" missed="0" covered="12"/><counter type="COMPLEXITY" missed="0" covered="7"/><counter type="METHOD" missed="0" covered="6"/><counter type="CLASS" missed="0" covered="1"/></class><sourcefile name="PodamConstants.java"><line nr="37" mi="0" ci="2" mb="0" cb="0"/><line nr="38" mi="0" ci="5" mb="0" cb="0"/><counter type="INSTRUCTION" missed="0" covered="7"/><counter type="LINE" missed="0" covered="2"/><counter type="COMPLEXITY" missed="0" covered="1"/><counter type="METHOD" missed="0" covered="1"/><counter type="CLASS" missed="0" covered="1"/></sourcefile><sourcefile name="AbstractConstructorComparator.java"><line nr="20" mi="0" ci="3" mb="0" cb="0"/><line nr="24" mi="0" ci="2" mb="0" cb="0"/><line nr="25" mi="0" ci="17" mb="0" cb="2"/><line nr="26" mi="0" ci="15" mb="0" cb="8"/><line nr="29" mi="0" ci="1" mb="0" cb="0"/><line nr="32" mi="0" ci="2" mb="0" cb="0"/><line nr="38" mi="0" ci="8" mb="0" cb="2"/><line nr="39" mi="0" ci="8" mb="0" cb="2"/><line nr="40" mi="0" ci="4" mb="1" cb="3"/><line nr="41" mi="0" ci="2" mb="0" cb="0"/><line nr="42" mi="0" ci="4" mb="1" cb="3"/><line nr="43" mi="0" ci="2" mb="0" cb="0"/><line nr="45" mi="0" ci="2" mb="0" cb="0"/><counter type="INSTRUCTION" missed="0" covered="70"/><counter type="BRANCH" missed="2" covered="20"/><counter type="LINE" missed="0" covered="13"/><counter type="COMPLEXITY" missed="2" covered="12"/><counter type="METHOD" missed="0" covered="3"/><counter type="CLASS" missed="0" covered="1"/></sourcefile><sourcefile name="BeanValidationStrategy.java"><line nr="33" mi="0" ci="3" mb="0" cb="0"/><line nr="37" mi="0" ci="6" mb="0" cb="0"/><line nr="55" mi="0" ci="2" mb="0" cb="0"/><line nr="56" mi="0" ci="3" mb="0" cb="0"/><line nr="57" mi="0" ci="3" mb="0" cb="0"/><line nr="58" mi="0" ci="1" mb="0" cb="0"/><line nr="72" mi="0" ci="6" mb="0" cb="2"/><line nr="74" mi="0" ci="2" mb="0" cb="0"/><line nr="77" mi="0" ci="6" mb="0" cb="2"/><line nr="79" mi="0" ci="2" mb="0" cb="0"/><line nr="82" mi="0" ci="6" mb="0" cb="2"/><line nr="84" mi="0" ci="6" mb="0" cb="0"/><line nr="85" mi="0" ci="7" mb="0" cb="0"/><line nr="86" mi="0" ci="5" mb="0" cb="0"/><line nr="89" mi="0" ci="6" mb="0" cb="2"/><line nr="91" mi="0" ci="6" mb="0" cb="0"/><line nr="92" mi="0" ci="7" mb="0" cb="0"/><line nr="93" mi="0" ci="5" mb="0" cb="0"/><line nr="96" mi="0" ci="2" mb="0" cb="0"/><line nr="97" mi="0" ci="2" mb="0" cb="0"/><line nr="99" mi="0" ci="6" mb="0" cb="0"/><line nr="100" mi="0" ci="6" mb="0" cb="0"/><line nr="101" mi="0" ci="6" mb="0" cb="4"/><line nr="104" mi="0" ci="3" mb="0" cb="2"/><line nr="105" mi="0" ci="3" mb="0" cb="0"/><line nr="106" mi="0" ci="6" mb="0" cb="0"/><line nr="107" mi="0" ci="1" mb="0" cb="0"/><line nr="108" mi="0" ci="5" mb="0" cb="0"/><line nr="111" mi="0" ci="3" mb="0" cb="2"/><line nr="112" mi="0" ci="3" mb="0" cb="0"/><line nr="113" mi="0" ci="6" mb="0" cb="0"/><line nr="114" mi="0" ci="1" mb="0" cb="0"/><line nr="115" mi="0" ci="5" mb="0" cb="0"/><line nr="117" mi="0" ci="7" mb="0" cb="0"/><line nr="120" mi="0" ci="6" mb="0" cb="0"/><line nr="121" mi="0" ci="6" mb="0" cb="0"/><line nr="122" mi="0" ci="6" mb="0" cb="4"/><line nr="125" mi="0" ci="3" mb="0" cb="2"/><line nr="126" mi="0" ci="3" mb="0" cb="0"/><line nr="127" mi="0" ci="6" mb="0" cb="0"/><line nr="128" mi="0" ci="1" mb="0" cb="0"/><line nr="129" mi="0" ci="5" mb="0" cb="0"/><line nr="132" mi="0" ci="3" mb="0" cb="2"/><line nr="133" mi="0" ci="3" mb="0" cb="0"/><line nr="134" mi="0" ci="6" mb="0" cb="0"/><line nr="135" mi="0" ci="1" mb="0" cb="0"/><line nr="136" mi="0" ci="5" mb="0" cb="0"/><line nr="139" mi="0" ci="6" mb="0" cb="0"/><line nr="140" mi="0" ci="5" mb="0" cb="0"/><line nr="141" mi="0" ci="4" mb="0" cb="0"/><line nr="144" mi="0" ci="9" mb="0" cb="2"/><line nr="146" mi="0" ci="3" mb="0" cb="0"/><line nr="147" mi="0" ci="5" mb="0" cb="0"/><line nr="148" mi="0" ci="7" mb="0" cb="0"/><line nr="149" mi="0" ci="3" mb="0" cb="0"/><line nr="151" mi="0" ci="6" mb="0" cb="0"/><line nr="152" mi="0" ci="7" mb="0" cb="0"/><line nr="153" mi="0" ci="4" mb="0" cb="0"/><line nr="156" mi="0" ci="9" mb="0" cb="2"/><line nr="158" mi="0" ci="3" mb="0" cb="0"/><line nr="159" mi="0" ci="8" mb="0" cb="0"/><line nr="161" mi="0" ci="4" mb="0" cb="0"/><line nr="162" mi="0" ci="6" mb="0" cb="2"/><line nr="163" mi="0" ci="5" mb="0" cb="0"/><line nr="165" mi="0" ci="3" mb="0" cb="0"/><line nr="169" mi="0" ci="9" mb="0" cb="2"/><line nr="171" mi="0" ci="3" mb="0" cb="0"/><line nr="172" mi="0" ci="5" mb="0" cb="0"/><line nr="174" mi="0" ci="2" mb="0" cb="0"/><line nr="178" mi="0" ci="2" mb="0" cb="0"/><line nr="198" mi="0" ci="9" mb="0" cb="2"/><line nr="199" mi="0" ci="5" mb="0" cb="2"/><line nr="200" mi="0" ci="2" mb="0" cb="0"/><line nr="202" mi="0" ci="1" mb="0" cb="0"/><line nr="203" mi="0" ci="2" mb="0" cb="0"/><line nr="218" mi="0" ci="6" mb="0" cb="0"/><line nr="219" mi="0" ci="8" mb="0" cb="0"/><line nr="233" mi="0" ci="5" mb="0" cb="2"/><line nr="235" mi="0" ci="3" mb="0" cb="0"/><line nr="237" mi="0" ci="10" mb="0" cb="4"/><line nr="240" mi="0" ci="4" mb="0" cb="0"/><line nr="242" mi="0" ci="10" mb="0" cb="4"/><line nr="245" mi="0" ci="4" mb="0" cb="0"/><line nr="247" mi="0" ci="10" mb="0" cb="4"/><line nr="250" mi="0" ci="4" mb="0" cb="0"/><line nr="252" mi="0" ci="10" mb="0" cb="4"/><line nr="255" mi="0" ci="4" mb="0" cb="0"/><line nr="257" mi="0" ci="10" mb="0" cb="4"/><line nr="260" mi="0" ci="4" mb="0" cb="0"/><line nr="262" mi="0" ci="10" mb="0" cb="4"/><line nr="265" mi="0" ci="4" mb="0" cb="0"/><line nr="267" mi="0" ci="5" mb="0" cb="2"/><line nr="269" mi="0" ci="2" mb="0" cb="0"/><line nr="271" mi="0" ci="5" mb="1" cb="1"/><line nr="273" mi="0" ci="3" mb="0" cb="0"/><line nr="277" mi="5" ci="0" mb="0" cb="0"/><line nr="278" mi="2" ci="0" mb="0" cb="0"/><line nr="294" mi="0" ci="5" mb="0" cb="2"/><line nr="296" mi="0" ci="6" mb="0" cb="0"/><line nr="298" mi="0" ci="5" mb="1" cb="1"/><line nr="300" mi="0" ci="2" mb="0" cb="0"/><line nr="301" mi="0" ci="4" mb="0" cb="0"/><line nr="302" mi="0" ci="2" mb="0" cb="0"/><line nr="306" mi="5" ci="0" mb="0" cb="0"/><line nr="307" mi="2" ci="0" mb="0" cb="0"/><counter type="INSTRUCTION" missed="14" covered="483"/><counter type="BRANCH" missed="2" covered="68"/><counter type="LINE" missed="4" covered="101"/><counter type="COMPLEXITY" missed="2" covered="40"/><counter type="METHOD" missed="0" covered="7"/><counter type="CLASS" missed="0" covered="1"/></sourcefile><sourcefile name="ConstructorHeavyFirstComparator.java"><line nr="20" mi="0" ci="5" mb="0" cb="0"/><line nr="23" mi="0" ci="2" mb="0" cb="0"/><line nr="24" mi="0" ci="1" mb="0" cb="0"/><line nr="29" mi="0" ci="5" mb="0" cb="0"/><line nr="30" mi="0" ci="2" mb="0" cb="2"/><line nr="31" mi="0" ci="2" mb="0" cb="0"/><line nr="35" mi="0" ci="9" mb="0" cb="0"/><line nr="37" mi="0" ci="2" mb="0" cb="2"/><line nr="38" mi="0" ci="2" mb="0" cb="0"/><line nr="42" mi="0" ci="8" mb="0" cb="0"/><counter type="INSTRUCTION" missed="0" covered="38"/><counter type="BRANCH" missed="0" covered="4"/><counter type="LINE" missed="0" covered="10"/><counter type="COMPLEXITY" missed="0" covered="5"/><counter type="METHOD" missed="0" covered="3"/><counter type="CLASS" missed="0" covered="1"/></sourcefile><sourcefile name="ConstructorLightFirstComparator.java"><line nr="20" mi="0" ci="5" mb="0" cb="0"/><line nr="23" mi="0" ci="2" mb="0" cb="0"/><line nr="24" mi="0" ci="1" mb="0" cb="0"/><line nr="29" mi="0" ci="5" mb="0" cb="0"/><line nr="30" mi="0" ci="2" mb="0" cb="2"/><line nr="31" mi="0" ci="2" mb="0" cb="0"/><line nr="35" mi="0" ci="8" mb="0" cb="0"/><line nr="37" mi="0" ci="2" mb="0" cb="2"/><line nr="38" mi="0" ci="2" mb="0" cb="0"/><line nr="42" mi="0" ci="8" mb="0" cb="0"/><counter type="INSTRUCTION" missed="0" covered="37"/><counter type="BRANCH" missed="0" covered="4"/><counter type="LINE" missed="0" covered="10"/><counter type="COMPLEXITY" missed="0" covered="5"/><counter type="METHOD" missed="0" covered="3"/><counter type="CLASS" missed="0" covered="1"/></sourcefile><sourcefile name="ConstructorAdaptiveComparator.java"><line nr="22" mi="0" ci="5" mb="0" cb="0"/><line nr="25" mi="0" ci="5" mb="0" cb="0"/><line nr="27" mi="0" ci="2" mb="0" cb="0"/><line nr="28" mi="0" ci="1" mb="0" cb="0"/><line nr="33" mi="0" ci="6" mb="0" cb="2"/><line nr="34" mi="0" ci="5" mb="0" cb="0"/><line nr="36" mi="0" ci="5" mb="0" cb="0"/><line nr="47" mi="0" ci="5" mb="0" cb="0"/><line nr="48" mi="0" ci="1" mb="0" cb="0"/><line nr="58" mi="0" ci="5" mb="0" cb="0"/><line nr="68" mi="0" ci="5" mb="0" cb="0"/><line nr="69" mi="0" ci="1" mb="0" cb="0"/><counter type="INSTRUCTION" missed="0" covered="46"/><counter type="BRANCH" missed="0" covered="2"/><counter type="LINE" missed="0" covered="12"/><counter type="COMPLEXITY" missed="0" covered="7"/><counter type="METHOD" missed="0" covered="6"/><counter type="CLASS" missed="0" covered="1"/></sourcefile><sourcefile name="MethodComparator.java"><line nr="20" mi="0" ci="3" mb="0" cb="0"/><line nr="24" mi="0" ci="2" mb="0" cb="0"/><line nr="25" mi="0" ci="17" mb="0" cb="2"/><line nr="26" mi="0" ci="15" mb="1" cb="7"/><line nr="29" mi="0" ci="1" mb="0" cb="0"/><line nr="32" mi="0" ci="2" mb="0" cb="0"/><line nr="38" mi="0" ci="8" mb="0" cb="2"/><line nr="39" mi="0" ci="8" mb="0" cb="2"/><line nr="40" mi="0" ci="4" mb="0" cb="4"/><line nr="41" mi="0" ci="2" mb="0" cb="0"/><line nr="42" mi="0" ci="4" mb="0" cb="4"/><line nr="43" mi="0" ci="2" mb="0" cb="0"/><line nr="47" mi="0" ci="8" mb="0" cb="0"/><line nr="49" mi="0" ci="2" mb="0" cb="2"/><line nr="50" mi="0" ci="2" mb="0" cb="0"/><line nr="54" mi="0" ci="8" mb="0" cb="0"/><counter type="INSTRUCTION" missed="0" covered="88"/><counter type="BRANCH" missed="1" covered="23"/><counter type="LINE" missed="0" covered="16"/><counter type="COMPLEXITY" missed="1" covered="14"/><counter type="METHOD" missed="0" covered="3"/><counter type="CLASS" missed="0" covered="1"/></sourcefile><counter type="INSTRUCTION" missed="14" covered="769"/><counter type="BRANCH" missed="5" covered="121"/><counter type="LINE" missed="4" covered="164"/><counter type="COMPLEXITY" missed="5" covered="84"/><counter type="METHOD" missed="0" covered="26"/><counter type="CLASS" missed="0" covered="7"/></package><counter type="INSTRUCTION" missed="634" covered="6727"/><counter type="BRANCH" missed="124" covered="780"/><counter type="LINE" missed="157" covered="1488"/><counter type="COMPLEXITY" missed="127" covered="545"/><counter type="METHOD" missed="16" covered="204"/><counter type="CLASS" missed="0" covered="23"/></report>